<?xml version="1.0" encoding="utf-8"?>
<coverage line-rate="0.0882" branch-rate="0.0625" version="1.9" timestamp="1730818699" lines-covered="72"
          lines-valid="816" branches-covered="5" branches-valid="80">
    <sources>
        <source>/Users/rebecca/Desktop/Study/23/C#/WebApi/WebApi/</source>
    </sources>
    <packages>
        <package name="WebApi" line-rate="0.0882" branch-rate="0.0625" complexity="141">
            <classes>
                <class name="AuthController" filename="Controllers/AuthController.cs" line-rate="0" branch-rate="0"
                       complexity="9">
                    <methods>
                        <method name="Login" signature="(WebAPI.Models.UserDto)" line-rate="0" branch-rate="0"
                                complexity="8">
                            <lines>
                                <line number="20" hits="0" branch="False"/>
                                <line number="21" hits="0" branch="True" condition-coverage="0% (0/4)">
                                    <conditions>
                                        <condition number="30" type="jump" coverage="0%"/>
                                        <condition number="53" type="jump" coverage="0%"/>
                                    </conditions>
                                </line>
                                <line number="22" hits="0" branch="False"/>
                                <line number="24" hits="0" branch="False"/>
                                <line number="26" hits="0" branch="True" condition-coverage="0% (0/2)">
                                    <conditions>
                                        <condition number="214" type="jump" coverage="0%"/>
                                    </conditions>
                                </line>
                                <line number="28" hits="0" branch="True" condition-coverage="0% (0/2)">
                                    <conditions>
                                        <condition number="257" type="jump" coverage="0%"/>
                                    </conditions>
                                </line>
                                <line number="30" hits="0" branch="False"/>
                                <line number="31" hits="0" branch="False"/>
                                <line number="32" hits="0" branch="False"/>
                            </lines>
                        </method>
                        <method name=".ctor" signature="(WebAPI.IServices.IAuthService,WebAPI.Models.DBContext)"
                                line-rate="0" branch-rate="1" complexity="1">
                            <lines>
                                <line number="12" hits="0" branch="False"/>
                                <line number="13" hits="0" branch="False"/>
                                <line number="14" hits="0" branch="False"/>
                                <line number="15" hits="0" branch="False"/>
                                <line number="16" hits="0" branch="False"/>
                            </lines>
                        </method>
                    </methods>
                    <lines>
                        <line number="20" hits="0" branch="False"/>
                        <line number="21" hits="0" branch="True" condition-coverage="0% (0/4)">
                            <conditions>
                                <condition number="30" type="jump" coverage="0%"/>
                                <condition number="53" type="jump" coverage="0%"/>
                            </conditions>
                        </line>
                        <line number="22" hits="0" branch="False"/>
                        <line number="24" hits="0" branch="False"/>
                        <line number="26" hits="0" branch="True" condition-coverage="0% (0/2)">
                            <conditions>
                                <condition number="214" type="jump" coverage="0%"/>
                            </conditions>
                        </line>
                        <line number="28" hits="0" branch="True" condition-coverage="0% (0/2)">
                            <conditions>
                                <condition number="257" type="jump" coverage="0%"/>
                            </conditions>
                        </line>
                        <line number="30" hits="0" branch="False"/>
                        <line number="31" hits="0" branch="False"/>
                        <line number="32" hits="0" branch="False"/>
                        <line number="12" hits="0" branch="False"/>
                        <line number="13" hits="0" branch="False"/>
                        <line number="14" hits="0" branch="False"/>
                        <line number="15" hits="0" branch="False"/>
                        <line number="16" hits="0" branch="False"/>
                    </lines>
                </class>
                <class name="NLogController" filename="Controllers/NLogController.cs" line-rate="0" branch-rate="1"
                       complexity="2">
                    <methods>
                        <method name="Index" signature="()" line-rate="0" branch-rate="1" complexity="1">
                            <lines>
                                <line number="14" hits="0" branch="False"/>
                                <line number="15" hits="0" branch="False"/>
                                <line number="16" hits="0" branch="False"/>
                                <line number="17" hits="0" branch="False"/>
                            </lines>
                        </method>
                        <method name=".ctor" signature="(Microsoft.Extensions.Logging.ILogger`1&lt;NLogController&gt;)"
                                line-rate="0" branch-rate="1" complexity="1">
                            <lines>
                                <line number="7" hits="0" branch="False"/>
                                <line number="8" hits="0" branch="False"/>
                                <line number="9" hits="0" branch="False"/>
                                <line number="10" hits="0" branch="False"/>
                                <line number="11" hits="0" branch="False"/>
                            </lines>
                        </method>
                    </methods>
                    <lines>
                        <line number="14" hits="0" branch="False"/>
                        <line number="15" hits="0" branch="False"/>
                        <line number="16" hits="0" branch="False"/>
                        <line number="17" hits="0" branch="False"/>
                        <line number="7" hits="0" branch="False"/>
                        <line number="8" hits="0" branch="False"/>
                        <line number="9" hits="0" branch="False"/>
                        <line number="10" hits="0" branch="False"/>
                        <line number="11" hits="0" branch="False"/>
                    </lines>
                </class>
                <class name="ResultFilter" filename="Filters/ResultFilter.cs" line-rate="0" branch-rate="0"
                       complexity="15">
                    <methods>
                        <method name="OnResultExecuting"
                                signature="(Microsoft.AspNetCore.Mvc.Filters.ResultExecutingContext)" line-rate="0"
                                branch-rate="0" complexity="14">
                            <lines>
                                <line number="8" hits="0" branch="False"/>
                                <line number="9" hits="0" branch="True" condition-coverage="0% (0/2)">
                                    <conditions>
                                        <condition number="19" type="jump" coverage="0%"/>
                                    </conditions>
                                </line>
                                <line number="10" hits="0" branch="False"/>
                                <line number="11" hits="0" branch="True" condition-coverage="0% (0/2)">
                                    <conditions>
                                        <condition number="38" type="jump" coverage="0%"/>
                                    </conditions>
                                </line>
                                <line number="13" hits="0" branch="True" condition-coverage="0% (0/2)">
                                    <conditions>
                                        <condition number="82" type="jump" coverage="0%"/>
                                    </conditions>
                                </line>
                                <line number="15" hits="0" branch="True" condition-coverage="0% (0/8)">
                                    <conditions>
                                        <condition number="141" type="jump" coverage="0%"/>
                                        <condition number="164" type="jump" coverage="0%"/>
                                        <condition number="184" type="jump" coverage="0%"/>
                                        <condition number="198" type="jump" coverage="0%"/>
                                    </conditions>
                                </line>
                                <line number="16" hits="0" branch="False"/>
                                <line number="17" hits="0" branch="False"/>
                                <line number="18" hits="0" branch="False"/>
                                <line number="19" hits="0" branch="False"/>
                                <line number="20" hits="0" branch="False"/>
                                <line number="21" hits="0" branch="False"/>
                                <line number="22" hits="0" branch="False"/>
                                <line number="23" hits="0" branch="False"/>
                                <line number="25" hits="0" branch="False"/>
                                <line number="26" hits="0" branch="False"/>
                                <line number="27" hits="0" branch="False"/>
                            </lines>
                        </method>
                        <method name="OnResultExecuted"
                                signature="(Microsoft.AspNetCore.Mvc.Filters.ResultExecutedContext)" line-rate="0"
                                branch-rate="1" complexity="1">
                            <lines>
                                <line number="30" hits="0" branch="False"/>
                                <line number="31" hits="0" branch="False"/>
                            </lines>
                        </method>
                    </methods>
                    <lines>
                        <line number="8" hits="0" branch="False"/>
                        <line number="9" hits="0" branch="True" condition-coverage="0% (0/2)">
                            <conditions>
                                <condition number="19" type="jump" coverage="0%"/>
                            </conditions>
                        </line>
                        <line number="10" hits="0" branch="False"/>
                        <line number="11" hits="0" branch="True" condition-coverage="0% (0/2)">
                            <conditions>
                                <condition number="38" type="jump" coverage="0%"/>
                            </conditions>
                        </line>
                        <line number="13" hits="0" branch="True" condition-coverage="0% (0/2)">
                            <conditions>
                                <condition number="82" type="jump" coverage="0%"/>
                            </conditions>
                        </line>
                        <line number="15" hits="0" branch="True" condition-coverage="0% (0/8)">
                            <conditions>
                                <condition number="141" type="jump" coverage="0%"/>
                                <condition number="164" type="jump" coverage="0%"/>
                                <condition number="184" type="jump" coverage="0%"/>
                                <condition number="198" type="jump" coverage="0%"/>
                            </conditions>
                        </line>
                        <line number="16" hits="0" branch="False"/>
                        <line number="17" hits="0" branch="False"/>
                        <line number="18" hits="0" branch="False"/>
                        <line number="19" hits="0" branch="False"/>
                        <line number="20" hits="0" branch="False"/>
                        <line number="21" hits="0" branch="False"/>
                        <line number="22" hits="0" branch="False"/>
                        <line number="23" hits="0" branch="False"/>
                        <line number="25" hits="0" branch="False"/>
                        <line number="26" hits="0" branch="False"/>
                        <line number="27" hits="0" branch="False"/>
                        <line number="30" hits="0" branch="False"/>
                        <line number="31" hits="0" branch="False"/>
                    </lines>
                </class>
                <class name="Program" filename="Program.cs" line-rate="0" branch-rate="0" complexity="2">
                    <methods>
                        <method name="&lt;Main&gt;$" signature="(System.String[])" line-rate="0" branch-rate="0"
                                complexity="2">
                            <lines>
                                <line number="13" hits="0" branch="False"/>
                                <line number="14" hits="0" branch="False"/>
                                <line number="15" hits="0" branch="False"/>
                                <line number="16" hits="0" branch="False"/>
                                <line number="19" hits="0" branch="False"/>
                                <line number="20" hits="0" branch="False"/>
                                <line number="23" hits="0" branch="False"/>
                                <line number="24" hits="0" branch="False"/>
                                <line number="25" hits="0" branch="False"/>
                                <line number="26" hits="0" branch="False"/>
                                <line number="28" hits="0" branch="False"/>
                                <line number="29" hits="0" branch="False"/>
                                <line number="30" hits="0" branch="False"/>
                                <line number="31" hits="0" branch="False"/>
                                <line number="32" hits="0" branch="False"/>
                                <line number="35" hits="0" branch="False"/>
                                <line number="36" hits="0" branch="False"/>
                                <line number="39" hits="0" branch="False"/>
                                <line number="40" hits="0" branch="False"/>
                                <line number="41" hits="0" branch="False"/>
                                <line number="42" hits="0" branch="False"/>
                                <line number="43" hits="0" branch="False"/>
                                <line number="44" hits="0" branch="False"/>
                                <line number="45" hits="0" branch="False"/>
                                <line number="46" hits="0" branch="False"/>
                                <line number="47" hits="0" branch="False"/>
                                <line number="48" hits="0" branch="False"/>
                                <line number="49" hits="0" branch="False"/>
                                <line number="50" hits="0" branch="False"/>
                                <line number="51" hits="0" branch="False"/>
                                <line number="52" hits="0" branch="False"/>
                                <line number="53" hits="0" branch="False"/>
                                <line number="54" hits="0" branch="False"/>
                                <line number="55" hits="0" branch="False"/>
                                <line number="56" hits="0" branch="False"/>
                                <line number="57" hits="0" branch="False"/>
                                <line number="58" hits="0" branch="False"/>
                                <line number="59" hits="0" branch="False"/>
                                <line number="60" hits="0" branch="False"/>
                                <line number="61" hits="0" branch="False"/>
                                <line number="62" hits="0" branch="False"/>
                                <line number="63" hits="0" branch="False"/>
                                <line number="64" hits="0" branch="False"/>
                                <line number="65" hits="0" branch="False"/>
                                <line number="66" hits="0" branch="False"/>
                                <line number="67" hits="0" branch="False"/>
                                <line number="68" hits="0" branch="False"/>
                                <line number="69" hits="0" branch="False"/>
                                <line number="70" hits="0" branch="False"/>
                                <line number="71" hits="0" branch="False"/>
                                <line number="73" hits="0" branch="False"/>
                                <line number="74" hits="0" branch="False"/>
                                <line number="75" hits="0" branch="False"/>
                                <line number="76" hits="0" branch="False"/>
                                <line number="78" hits="0" branch="False"/>
                                <line number="80" hits="0" branch="False"/>
                                <line number="81" hits="0" branch="False"/>
                                <line number="82" hits="0" branch="False"/>
                                <line number="83" hits="0" branch="False"/>
                                <line number="84" hits="0" branch="False"/>
                                <line number="85" hits="0" branch="False"/>
                                <line number="86" hits="0" branch="False"/>
                                <line number="87" hits="0" branch="False"/>
                                <line number="88" hits="0" branch="False"/>
                                <line number="89" hits="0" branch="False"/>
                                <line number="90" hits="0" branch="False"/>
                                <line number="91" hits="0" branch="False"/>
                                <line number="92" hits="0" branch="False"/>
                                <line number="93" hits="0" branch="False"/>
                                <line number="94" hits="0" branch="False"/>
                                <line number="95" hits="0" branch="False"/>
                                <line number="96" hits="0" branch="False"/>
                                <line number="97" hits="0" branch="False"/>
                                <line number="98" hits="0" branch="False"/>
                                <line number="99" hits="0" branch="False"/>
                                <line number="100" hits="0" branch="False"/>
                                <line number="101" hits="0" branch="False"/>
                                <line number="103" hits="0" branch="False"/>
                                <line number="105" hits="0" branch="False"/>
                                <line number="108" hits="0" branch="True" condition-coverage="0% (0/2)">
                                    <conditions>
                                        <condition number="385" type="jump" coverage="0%"/>
                                    </conditions>
                                </line>
                                <line number="109" hits="0" branch="False"/>
                                <line number="110" hits="0" branch="False"/>
                                <line number="111" hits="0" branch="False"/>
                                <line number="112" hits="0" branch="False"/>
                                <line number="113" hits="0" branch="False"/>
                                <line number="114" hits="0" branch="False"/>
                                <line number="115" hits="0" branch="False"/>
                                <line number="116" hits="0" branch="False"/>
                                <line number="118" hits="0" branch="False"/>
                                <line number="120" hits="0" branch="False"/>
                                <line number="122" hits="0" branch="False"/>
                                <line number="124" hits="0" branch="False"/>
                                <line number="125" hits="0" branch="False"/>
                                <line number="126" hits="0" branch="False"/>
                                <line number="127" hits="0" branch="False"/>
                                <line number="128" hits="0" branch="False"/>
                                <line number="129" hits="0" branch="False"/>
                                <line number="132" hits="0" branch="False"/>
                                <line number="134" hits="0" branch="False"/>
                                <line number="135" hits="0" branch="False"/>
                            </lines>
                        </method>
                    </methods>
                    <lines>
                        <line number="13" hits="0" branch="False"/>
                        <line number="14" hits="0" branch="False"/>
                        <line number="15" hits="0" branch="False"/>
                        <line number="16" hits="0" branch="False"/>
                        <line number="19" hits="0" branch="False"/>
                        <line number="20" hits="0" branch="False"/>
                        <line number="23" hits="0" branch="False"/>
                        <line number="24" hits="0" branch="False"/>
                        <line number="25" hits="0" branch="False"/>
                        <line number="26" hits="0" branch="False"/>
                        <line number="28" hits="0" branch="False"/>
                        <line number="29" hits="0" branch="False"/>
                        <line number="30" hits="0" branch="False"/>
                        <line number="31" hits="0" branch="False"/>
                        <line number="32" hits="0" branch="False"/>
                        <line number="35" hits="0" branch="False"/>
                        <line number="36" hits="0" branch="False"/>
                        <line number="39" hits="0" branch="False"/>
                        <line number="40" hits="0" branch="False"/>
                        <line number="41" hits="0" branch="False"/>
                        <line number="42" hits="0" branch="False"/>
                        <line number="43" hits="0" branch="False"/>
                        <line number="44" hits="0" branch="False"/>
                        <line number="45" hits="0" branch="False"/>
                        <line number="46" hits="0" branch="False"/>
                        <line number="47" hits="0" branch="False"/>
                        <line number="48" hits="0" branch="False"/>
                        <line number="49" hits="0" branch="False"/>
                        <line number="50" hits="0" branch="False"/>
                        <line number="51" hits="0" branch="False"/>
                        <line number="52" hits="0" branch="False"/>
                        <line number="53" hits="0" branch="False"/>
                        <line number="54" hits="0" branch="False"/>
                        <line number="55" hits="0" branch="False"/>
                        <line number="56" hits="0" branch="False"/>
                        <line number="57" hits="0" branch="False"/>
                        <line number="58" hits="0" branch="False"/>
                        <line number="59" hits="0" branch="False"/>
                        <line number="60" hits="0" branch="False"/>
                        <line number="61" hits="0" branch="False"/>
                        <line number="62" hits="0" branch="False"/>
                        <line number="63" hits="0" branch="False"/>
                        <line number="64" hits="0" branch="False"/>
                        <line number="65" hits="0" branch="False"/>
                        <line number="66" hits="0" branch="False"/>
                        <line number="67" hits="0" branch="False"/>
                        <line number="68" hits="0" branch="False"/>
                        <line number="69" hits="0" branch="False"/>
                        <line number="70" hits="0" branch="False"/>
                        <line number="71" hits="0" branch="False"/>
                        <line number="73" hits="0" branch="False"/>
                        <line number="74" hits="0" branch="False"/>
                        <line number="75" hits="0" branch="False"/>
                        <line number="76" hits="0" branch="False"/>
                        <line number="78" hits="0" branch="False"/>
                        <line number="80" hits="0" branch="False"/>
                        <line number="81" hits="0" branch="False"/>
                        <line number="82" hits="0" branch="False"/>
                        <line number="83" hits="0" branch="False"/>
                        <line number="84" hits="0" branch="False"/>
                        <line number="85" hits="0" branch="False"/>
                        <line number="86" hits="0" branch="False"/>
                        <line number="87" hits="0" branch="False"/>
                        <line number="88" hits="0" branch="False"/>
                        <line number="89" hits="0" branch="False"/>
                        <line number="90" hits="0" branch="False"/>
                        <line number="91" hits="0" branch="False"/>
                        <line number="92" hits="0" branch="False"/>
                        <line number="93" hits="0" branch="False"/>
                        <line number="94" hits="0" branch="False"/>
                        <line number="95" hits="0" branch="False"/>
                        <line number="96" hits="0" branch="False"/>
                        <line number="97" hits="0" branch="False"/>
                        <line number="98" hits="0" branch="False"/>
                        <line number="99" hits="0" branch="False"/>
                        <line number="100" hits="0" branch="False"/>
                        <line number="101" hits="0" branch="False"/>
                        <line number="103" hits="0" branch="False"/>
                        <line number="105" hits="0" branch="False"/>
                        <line number="108" hits="0" branch="True" condition-coverage="0% (0/2)">
                            <conditions>
                                <condition number="385" type="jump" coverage="0%"/>
                            </conditions>
                        </line>
                        <line number="109" hits="0" branch="False"/>
                        <line number="110" hits="0" branch="False"/>
                        <line number="111" hits="0" branch="False"/>
                        <line number="112" hits="0" branch="False"/>
                        <line number="113" hits="0" branch="False"/>
                        <line number="114" hits="0" branch="False"/>
                        <line number="115" hits="0" branch="False"/>
                        <line number="116" hits="0" branch="False"/>
                        <line number="118" hits="0" branch="False"/>
                        <line number="120" hits="0" branch="False"/>
                        <line number="122" hits="0" branch="False"/>
                        <line number="124" hits="0" branch="False"/>
                        <line number="125" hits="0" branch="False"/>
                        <line number="126" hits="0" branch="False"/>
                        <line number="127" hits="0" branch="False"/>
                        <line number="128" hits="0" branch="False"/>
                        <line number="129" hits="0" branch="False"/>
                        <line number="132" hits="0" branch="False"/>
                        <line number="134" hits="0" branch="False"/>
                        <line number="135" hits="0" branch="False"/>
                    </lines>
                </class>
                <class name="WebApi.Models.BaseModel" filename="Models/BaseModel.cs" line-rate="1" branch-rate="1"
                       complexity="1">
                    <methods>
                        <method name="get_Id" signature="()" line-rate="1" branch-rate="1" complexity="1">
                            <lines>
                                <line number="5" hits="72" branch="False"/>
                            </lines>
                        </method>
                    </methods>
                    <lines>
                        <line number="5" hits="72" branch="False"/>
                    </lines>
                </class>
                <class name="WebApi.Migrations.initialCreate" filename="Migrations/20241102143914_initialCreate.cs"
                       line-rate="0" branch-rate="1" complexity="2">
                    <methods>
                        <method name="Up" signature="(Microsoft.EntityFrameworkCore.Migrations.MigrationBuilder)"
                                line-rate="0" branch-rate="1" complexity="1">
                            <lines>
                                <line number="13" hits="0" branch="False"/>
                                <line number="14" hits="0" branch="False"/>
                                <line number="15" hits="0" branch="False"/>
                                <line number="17" hits="0" branch="False"/>
                                <line number="18" hits="0" branch="False"/>
                                <line number="19" hits="0" branch="False"/>
                                <line number="20" hits="0" branch="False"/>
                                <line number="21" hits="0" branch="False"/>
                                <line number="22" hits="0" branch="False"/>
                                <line number="23" hits="0" branch="False"/>
                                <line number="24" hits="0" branch="False"/>
                                <line number="25" hits="0" branch="False"/>
                                <line number="26" hits="0" branch="False"/>
                                <line number="27" hits="0" branch="False"/>
                                <line number="28" hits="0" branch="False"/>
                                <line number="29" hits="0" branch="False"/>
                                <line number="30" hits="0" branch="False"/>
                                <line number="31" hits="0" branch="False"/>
                                <line number="32" hits="0" branch="False"/>
                                <line number="33" hits="0" branch="False"/>
                                <line number="34" hits="0" branch="False"/>
                                <line number="35" hits="0" branch="False"/>
                                <line number="36" hits="0" branch="False"/>
                                <line number="37" hits="0" branch="False"/>
                                <line number="38" hits="0" branch="False"/>
                                <line number="39" hits="0" branch="False"/>
                                <line number="41" hits="0" branch="False"/>
                                <line number="42" hits="0" branch="False"/>
                                <line number="43" hits="0" branch="False"/>
                                <line number="44" hits="0" branch="False"/>
                                <line number="45" hits="0" branch="False"/>
                                <line number="46" hits="0" branch="False"/>
                                <line number="47" hits="0" branch="False"/>
                                <line number="48" hits="0" branch="False"/>
                                <line number="49" hits="0" branch="False"/>
                                <line number="50" hits="0" branch="False"/>
                                <line number="51" hits="0" branch="False"/>
                                <line number="52" hits="0" branch="False"/>
                                <line number="53" hits="0" branch="False"/>
                                <line number="54" hits="0" branch="False"/>
                                <line number="55" hits="0" branch="False"/>
                                <line number="56" hits="0" branch="False"/>
                                <line number="58" hits="0" branch="False"/>
                                <line number="59" hits="0" branch="False"/>
                                <line number="60" hits="0" branch="False"/>
                                <line number="61" hits="0" branch="False"/>
                                <line number="62" hits="0" branch="False"/>
                                <line number="63" hits="0" branch="False"/>
                                <line number="64" hits="0" branch="False"/>
                                <line number="65" hits="0" branch="False"/>
                                <line number="66" hits="0" branch="False"/>
                                <line number="67" hits="0" branch="False"/>
                                <line number="68" hits="0" branch="False"/>
                                <line number="69" hits="0" branch="False"/>
                                <line number="70" hits="0" branch="False"/>
                                <line number="71" hits="0" branch="False"/>
                                <line number="72" hits="0" branch="False"/>
                                <line number="73" hits="0" branch="False"/>
                                <line number="74" hits="0" branch="False"/>
                                <line number="75" hits="0" branch="False"/>
                                <line number="76" hits="0" branch="False"/>
                                <line number="77" hits="0" branch="False"/>
                                <line number="78" hits="0" branch="False"/>
                                <line number="79" hits="0" branch="False"/>
                                <line number="80" hits="0" branch="False"/>
                                <line number="82" hits="0" branch="False"/>
                                <line number="83" hits="0" branch="False"/>
                                <line number="84" hits="0" branch="False"/>
                                <line number="85" hits="0" branch="False"/>
                                <line number="87" hits="0" branch="False"/>
                                <line number="88" hits="0" branch="False"/>
                                <line number="89" hits="0" branch="False"/>
                                <line number="90" hits="0" branch="False"/>
                                <line number="91" hits="0" branch="False"/>
                            </lines>
                        </method>
                        <method name="Down" signature="(Microsoft.EntityFrameworkCore.Migrations.MigrationBuilder)"
                                line-rate="0" branch-rate="1" complexity="1">
                            <lines>
                                <line number="95" hits="0" branch="False"/>
                                <line number="96" hits="0" branch="False"/>
                                <line number="97" hits="0" branch="False"/>
                                <line number="99" hits="0" branch="False"/>
                                <line number="100" hits="0" branch="False"/>
                                <line number="102" hits="0" branch="False"/>
                                <line number="103" hits="0" branch="False"/>
                                <line number="104" hits="0" branch="False"/>
                            </lines>
                        </method>
                    </methods>
                    <lines>
                        <line number="13" hits="0" branch="False"/>
                        <line number="14" hits="0" branch="False"/>
                        <line number="15" hits="0" branch="False"/>
                        <line number="17" hits="0" branch="False"/>
                        <line number="18" hits="0" branch="False"/>
                        <line number="19" hits="0" branch="False"/>
                        <line number="20" hits="0" branch="False"/>
                        <line number="21" hits="0" branch="False"/>
                        <line number="22" hits="0" branch="False"/>
                        <line number="23" hits="0" branch="False"/>
                        <line number="24" hits="0" branch="False"/>
                        <line number="25" hits="0" branch="False"/>
                        <line number="26" hits="0" branch="False"/>
                        <line number="27" hits="0" branch="False"/>
                        <line number="28" hits="0" branch="False"/>
                        <line number="29" hits="0" branch="False"/>
                        <line number="30" hits="0" branch="False"/>
                        <line number="31" hits="0" branch="False"/>
                        <line number="32" hits="0" branch="False"/>
                        <line number="33" hits="0" branch="False"/>
                        <line number="34" hits="0" branch="False"/>
                        <line number="35" hits="0" branch="False"/>
                        <line number="36" hits="0" branch="False"/>
                        <line number="37" hits="0" branch="False"/>
                        <line number="38" hits="0" branch="False"/>
                        <line number="39" hits="0" branch="False"/>
                        <line number="41" hits="0" branch="False"/>
                        <line number="42" hits="0" branch="False"/>
                        <line number="43" hits="0" branch="False"/>
                        <line number="44" hits="0" branch="False"/>
                        <line number="45" hits="0" branch="False"/>
                        <line number="46" hits="0" branch="False"/>
                        <line number="47" hits="0" branch="False"/>
                        <line number="48" hits="0" branch="False"/>
                        <line number="49" hits="0" branch="False"/>
                        <line number="50" hits="0" branch="False"/>
                        <line number="51" hits="0" branch="False"/>
                        <line number="52" hits="0" branch="False"/>
                        <line number="53" hits="0" branch="False"/>
                        <line number="54" hits="0" branch="False"/>
                        <line number="55" hits="0" branch="False"/>
                        <line number="56" hits="0" branch="False"/>
                        <line number="58" hits="0" branch="False"/>
                        <line number="59" hits="0" branch="False"/>
                        <line number="60" hits="0" branch="False"/>
                        <line number="61" hits="0" branch="False"/>
                        <line number="62" hits="0" branch="False"/>
                        <line number="63" hits="0" branch="False"/>
                        <line number="64" hits="0" branch="False"/>
                        <line number="65" hits="0" branch="False"/>
                        <line number="66" hits="0" branch="False"/>
                        <line number="67" hits="0" branch="False"/>
                        <line number="68" hits="0" branch="False"/>
                        <line number="69" hits="0" branch="False"/>
                        <line number="70" hits="0" branch="False"/>
                        <line number="71" hits="0" branch="False"/>
                        <line number="72" hits="0" branch="False"/>
                        <line number="73" hits="0" branch="False"/>
                        <line number="74" hits="0" branch="False"/>
                        <line number="75" hits="0" branch="False"/>
                        <line number="76" hits="0" branch="False"/>
                        <line number="77" hits="0" branch="False"/>
                        <line number="78" hits="0" branch="False"/>
                        <line number="79" hits="0" branch="False"/>
                        <line number="80" hits="0" branch="False"/>
                        <line number="82" hits="0" branch="False"/>
                        <line number="83" hits="0" branch="False"/>
                        <line number="84" hits="0" branch="False"/>
                        <line number="85" hits="0" branch="False"/>
                        <line number="87" hits="0" branch="False"/>
                        <line number="88" hits="0" branch="False"/>
                        <line number="89" hits="0" branch="False"/>
                        <line number="90" hits="0" branch="False"/>
                        <line number="91" hits="0" branch="False"/>
                        <line number="95" hits="0" branch="False"/>
                        <line number="96" hits="0" branch="False"/>
                        <line number="97" hits="0" branch="False"/>
                        <line number="99" hits="0" branch="False"/>
                        <line number="100" hits="0" branch="False"/>
                        <line number="102" hits="0" branch="False"/>
                        <line number="103" hits="0" branch="False"/>
                        <line number="104" hits="0" branch="False"/>
                    </lines>
                </class>
                <class name="WebApi.Migrations.initialCreate"
                       filename="Migrations/20241102143914_initialCreate.Designer.cs" line-rate="0" branch-rate="1"
                       complexity="1">
                    <methods>
                        <method name="BuildTargetModel" signature="(Microsoft.EntityFrameworkCore.ModelBuilder)"
                                line-rate="0" branch-rate="1" complexity="1">
                            <lines>
                                <line number="20" hits="0" branch="False"/>
                                <line number="22" hits="0" branch="False"/>
                                <line number="23" hits="0" branch="False"/>
                                <line number="24" hits="0" branch="False"/>
                                <line number="26" hits="0" branch="False"/>
                                <line number="28" hits="0" branch="False"/>
                                <line number="29" hits="0" branch="False"/>
                                <line number="30" hits="0" branch="False"/>
                                <line number="31" hits="0" branch="False"/>
                                <line number="32" hits="0" branch="False"/>
                                <line number="33" hits="0" branch="False"/>
                                <line number="34" hits="0" branch="False"/>
                                <line number="35" hits="0" branch="False"/>
                                <line number="36" hits="0" branch="False"/>
                                <line number="37" hits="0" branch="False"/>
                                <line number="38" hits="0" branch="False"/>
                                <line number="39" hits="0" branch="False"/>
                                <line number="40" hits="0" branch="False"/>
                                <line number="41" hits="0" branch="False"/>
                                <line number="42" hits="0" branch="False"/>
                                <line number="43" hits="0" branch="False"/>
                                <line number="44" hits="0" branch="False"/>
                                <line number="45" hits="0" branch="False"/>
                                <line number="46" hits="0" branch="False"/>
                                <line number="47" hits="0" branch="False"/>
                                <line number="48" hits="0" branch="False"/>
                                <line number="49" hits="0" branch="False"/>
                                <line number="50" hits="0" branch="False"/>
                                <line number="51" hits="0" branch="False"/>
                                <line number="52" hits="0" branch="False"/>
                                <line number="54" hits="0" branch="False"/>
                                <line number="55" hits="0" branch="False"/>
                                <line number="56" hits="0" branch="False"/>
                                <line number="57" hits="0" branch="False"/>
                                <line number="58" hits="0" branch="False"/>
                                <line number="59" hits="0" branch="False"/>
                                <line number="60" hits="0" branch="False"/>
                                <line number="61" hits="0" branch="False"/>
                                <line number="62" hits="0" branch="False"/>
                                <line number="63" hits="0" branch="False"/>
                                <line number="64" hits="0" branch="False"/>
                                <line number="65" hits="0" branch="False"/>
                                <line number="66" hits="0" branch="False"/>
                                <line number="67" hits="0" branch="False"/>
                                <line number="68" hits="0" branch="False"/>
                                <line number="69" hits="0" branch="False"/>
                                <line number="70" hits="0" branch="False"/>
                                <line number="71" hits="0" branch="False"/>
                                <line number="72" hits="0" branch="False"/>
                                <line number="73" hits="0" branch="False"/>
                                <line number="74" hits="0" branch="False"/>
                                <line number="75" hits="0" branch="False"/>
                                <line number="76" hits="0" branch="False"/>
                                <line number="77" hits="0" branch="False"/>
                                <line number="78" hits="0" branch="False"/>
                                <line number="80" hits="0" branch="False"/>
                                <line number="81" hits="0" branch="False"/>
                                <line number="82" hits="0" branch="False"/>
                                <line number="83" hits="0" branch="False"/>
                                <line number="84" hits="0" branch="False"/>
                                <line number="85" hits="0" branch="False"/>
                                <line number="86" hits="0" branch="False"/>
                                <line number="87" hits="0" branch="False"/>
                                <line number="88" hits="0" branch="False"/>
                                <line number="89" hits="0" branch="False"/>
                                <line number="90" hits="0" branch="False"/>
                                <line number="91" hits="0" branch="False"/>
                                <line number="92" hits="0" branch="False"/>
                                <line number="93" hits="0" branch="False"/>
                                <line number="94" hits="0" branch="False"/>
                                <line number="95" hits="0" branch="False"/>
                                <line number="96" hits="0" branch="False"/>
                                <line number="97" hits="0" branch="False"/>
                                <line number="98" hits="0" branch="False"/>
                                <line number="99" hits="0" branch="False"/>
                                <line number="101" hits="0" branch="False"/>
                                <line number="102" hits="0" branch="False"/>
                                <line number="103" hits="0" branch="False"/>
                                <line number="104" hits="0" branch="False"/>
                                <line number="105" hits="0" branch="False"/>
                                <line number="106" hits="0" branch="False"/>
                                <line number="107" hits="0" branch="False"/>
                                <line number="108" hits="0" branch="False"/>
                                <line number="109" hits="0" branch="False"/>
                                <line number="111" hits="0" branch="False"/>
                                <line number="112" hits="0" branch="False"/>
                                <line number="113" hits="0" branch="False"/>
                                <line number="114" hits="0" branch="False"/>
                                <line number="115" hits="0" branch="False"/>
                                <line number="116" hits="0" branch="False"/>
                                <line number="117" hits="0" branch="False"/>
                                <line number="118" hits="0" branch="False"/>
                                <line number="119" hits="0" branch="False"/>
                                <line number="120" hits="0" branch="False"/>
                                <line number="122" hits="0" branch="False"/>
                                <line number="123" hits="0" branch="False"/>
                                <line number="124" hits="0" branch="False"/>
                                <line number="125" hits="0" branch="False"/>
                                <line number="126" hits="0" branch="False"/>
                                <line number="127" hits="0" branch="False"/>
                                <line number="129" hits="0" branch="False"/>
                            </lines>
                        </method>
                    </methods>
                    <lines>
                        <line number="20" hits="0" branch="False"/>
                        <line number="22" hits="0" branch="False"/>
                        <line number="23" hits="0" branch="False"/>
                        <line number="24" hits="0" branch="False"/>
                        <line number="26" hits="0" branch="False"/>
                        <line number="28" hits="0" branch="False"/>
                        <line number="29" hits="0" branch="False"/>
                        <line number="30" hits="0" branch="False"/>
                        <line number="31" hits="0" branch="False"/>
                        <line number="32" hits="0" branch="False"/>
                        <line number="33" hits="0" branch="False"/>
                        <line number="34" hits="0" branch="False"/>
                        <line number="35" hits="0" branch="False"/>
                        <line number="36" hits="0" branch="False"/>
                        <line number="37" hits="0" branch="False"/>
                        <line number="38" hits="0" branch="False"/>
                        <line number="39" hits="0" branch="False"/>
                        <line number="40" hits="0" branch="False"/>
                        <line number="41" hits="0" branch="False"/>
                        <line number="42" hits="0" branch="False"/>
                        <line number="43" hits="0" branch="False"/>
                        <line number="44" hits="0" branch="False"/>
                        <line number="45" hits="0" branch="False"/>
                        <line number="46" hits="0" branch="False"/>
                        <line number="47" hits="0" branch="False"/>
                        <line number="48" hits="0" branch="False"/>
                        <line number="49" hits="0" branch="False"/>
                        <line number="50" hits="0" branch="False"/>
                        <line number="51" hits="0" branch="False"/>
                        <line number="52" hits="0" branch="False"/>
                        <line number="54" hits="0" branch="False"/>
                        <line number="55" hits="0" branch="False"/>
                        <line number="56" hits="0" branch="False"/>
                        <line number="57" hits="0" branch="False"/>
                        <line number="58" hits="0" branch="False"/>
                        <line number="59" hits="0" branch="False"/>
                        <line number="60" hits="0" branch="False"/>
                        <line number="61" hits="0" branch="False"/>
                        <line number="62" hits="0" branch="False"/>
                        <line number="63" hits="0" branch="False"/>
                        <line number="64" hits="0" branch="False"/>
                        <line number="65" hits="0" branch="False"/>
                        <line number="66" hits="0" branch="False"/>
                        <line number="67" hits="0" branch="False"/>
                        <line number="68" hits="0" branch="False"/>
                        <line number="69" hits="0" branch="False"/>
                        <line number="70" hits="0" branch="False"/>
                        <line number="71" hits="0" branch="False"/>
                        <line number="72" hits="0" branch="False"/>
                        <line number="73" hits="0" branch="False"/>
                        <line number="74" hits="0" branch="False"/>
                        <line number="75" hits="0" branch="False"/>
                        <line number="76" hits="0" branch="False"/>
                        <line number="77" hits="0" branch="False"/>
                        <line number="78" hits="0" branch="False"/>
                        <line number="80" hits="0" branch="False"/>
                        <line number="81" hits="0" branch="False"/>
                        <line number="82" hits="0" branch="False"/>
                        <line number="83" hits="0" branch="False"/>
                        <line number="84" hits="0" branch="False"/>
                        <line number="85" hits="0" branch="False"/>
                        <line number="86" hits="0" branch="False"/>
                        <line number="87" hits="0" branch="False"/>
                        <line number="88" hits="0" branch="False"/>
                        <line number="89" hits="0" branch="False"/>
                        <line number="90" hits="0" branch="False"/>
                        <line number="91" hits="0" branch="False"/>
                        <line number="92" hits="0" branch="False"/>
                        <line number="93" hits="0" branch="False"/>
                        <line number="94" hits="0" branch="False"/>
                        <line number="95" hits="0" branch="False"/>
                        <line number="96" hits="0" branch="False"/>
                        <line number="97" hits="0" branch="False"/>
                        <line number="98" hits="0" branch="False"/>
                        <line number="99" hits="0" branch="False"/>
                        <line number="101" hits="0" branch="False"/>
                        <line number="102" hits="0" branch="False"/>
                        <line number="103" hits="0" branch="False"/>
                        <line number="104" hits="0" branch="False"/>
                        <line number="105" hits="0" branch="False"/>
                        <line number="106" hits="0" branch="False"/>
                        <line number="107" hits="0" branch="False"/>
                        <line number="108" hits="0" branch="False"/>
                        <line number="109" hits="0" branch="False"/>
                        <line number="111" hits="0" branch="False"/>
                        <line number="112" hits="0" branch="False"/>
                        <line number="113" hits="0" branch="False"/>
                        <line number="114" hits="0" branch="False"/>
                        <line number="115" hits="0" branch="False"/>
                        <line number="116" hits="0" branch="False"/>
                        <line number="117" hits="0" branch="False"/>
                        <line number="118" hits="0" branch="False"/>
                        <line number="119" hits="0" branch="False"/>
                        <line number="120" hits="0" branch="False"/>
                        <line number="122" hits="0" branch="False"/>
                        <line number="123" hits="0" branch="False"/>
                        <line number="124" hits="0" branch="False"/>
                        <line number="125" hits="0" branch="False"/>
                        <line number="126" hits="0" branch="False"/>
                        <line number="127" hits="0" branch="False"/>
                        <line number="129" hits="0" branch="False"/>
                    </lines>
                </class>
                <class name="WebApi.Migrations.DBContextModelSnapshot" filename="Migrations/DBContextModelSnapshot.cs"
                       line-rate="0" branch-rate="1" complexity="1">
                    <methods>
                        <method name="BuildModel" signature="(Microsoft.EntityFrameworkCore.ModelBuilder)" line-rate="0"
                                branch-rate="1" complexity="1">
                            <lines>
                                <line number="17" hits="0" branch="False"/>
                                <line number="19" hits="0" branch="False"/>
                                <line number="20" hits="0" branch="False"/>
                                <line number="21" hits="0" branch="False"/>
                                <line number="23" hits="0" branch="False"/>
                                <line number="25" hits="0" branch="False"/>
                                <line number="26" hits="0" branch="False"/>
                                <line number="27" hits="0" branch="False"/>
                                <line number="28" hits="0" branch="False"/>
                                <line number="29" hits="0" branch="False"/>
                                <line number="30" hits="0" branch="False"/>
                                <line number="31" hits="0" branch="False"/>
                                <line number="32" hits="0" branch="False"/>
                                <line number="33" hits="0" branch="False"/>
                                <line number="34" hits="0" branch="False"/>
                                <line number="35" hits="0" branch="False"/>
                                <line number="36" hits="0" branch="False"/>
                                <line number="37" hits="0" branch="False"/>
                                <line number="38" hits="0" branch="False"/>
                                <line number="39" hits="0" branch="False"/>
                                <line number="40" hits="0" branch="False"/>
                                <line number="41" hits="0" branch="False"/>
                                <line number="42" hits="0" branch="False"/>
                                <line number="43" hits="0" branch="False"/>
                                <line number="44" hits="0" branch="False"/>
                                <line number="45" hits="0" branch="False"/>
                                <line number="46" hits="0" branch="False"/>
                                <line number="47" hits="0" branch="False"/>
                                <line number="48" hits="0" branch="False"/>
                                <line number="49" hits="0" branch="False"/>
                                <line number="51" hits="0" branch="False"/>
                                <line number="52" hits="0" branch="False"/>
                                <line number="53" hits="0" branch="False"/>
                                <line number="54" hits="0" branch="False"/>
                                <line number="55" hits="0" branch="False"/>
                                <line number="56" hits="0" branch="False"/>
                                <line number="57" hits="0" branch="False"/>
                                <line number="58" hits="0" branch="False"/>
                                <line number="59" hits="0" branch="False"/>
                                <line number="60" hits="0" branch="False"/>
                                <line number="61" hits="0" branch="False"/>
                                <line number="62" hits="0" branch="False"/>
                                <line number="63" hits="0" branch="False"/>
                                <line number="64" hits="0" branch="False"/>
                                <line number="65" hits="0" branch="False"/>
                                <line number="66" hits="0" branch="False"/>
                                <line number="67" hits="0" branch="False"/>
                                <line number="68" hits="0" branch="False"/>
                                <line number="69" hits="0" branch="False"/>
                                <line number="70" hits="0" branch="False"/>
                                <line number="71" hits="0" branch="False"/>
                                <line number="72" hits="0" branch="False"/>
                                <line number="73" hits="0" branch="False"/>
                                <line number="74" hits="0" branch="False"/>
                                <line number="75" hits="0" branch="False"/>
                                <line number="77" hits="0" branch="False"/>
                                <line number="78" hits="0" branch="False"/>
                                <line number="79" hits="0" branch="False"/>
                                <line number="80" hits="0" branch="False"/>
                                <line number="81" hits="0" branch="False"/>
                                <line number="82" hits="0" branch="False"/>
                                <line number="83" hits="0" branch="False"/>
                                <line number="84" hits="0" branch="False"/>
                                <line number="85" hits="0" branch="False"/>
                                <line number="86" hits="0" branch="False"/>
                                <line number="87" hits="0" branch="False"/>
                                <line number="88" hits="0" branch="False"/>
                                <line number="89" hits="0" branch="False"/>
                                <line number="90" hits="0" branch="False"/>
                                <line number="91" hits="0" branch="False"/>
                                <line number="92" hits="0" branch="False"/>
                                <line number="93" hits="0" branch="False"/>
                                <line number="94" hits="0" branch="False"/>
                                <line number="95" hits="0" branch="False"/>
                                <line number="96" hits="0" branch="False"/>
                                <line number="98" hits="0" branch="False"/>
                                <line number="99" hits="0" branch="False"/>
                                <line number="100" hits="0" branch="False"/>
                                <line number="101" hits="0" branch="False"/>
                                <line number="102" hits="0" branch="False"/>
                                <line number="103" hits="0" branch="False"/>
                                <line number="104" hits="0" branch="False"/>
                                <line number="105" hits="0" branch="False"/>
                                <line number="106" hits="0" branch="False"/>
                                <line number="108" hits="0" branch="False"/>
                                <line number="109" hits="0" branch="False"/>
                                <line number="110" hits="0" branch="False"/>
                                <line number="111" hits="0" branch="False"/>
                                <line number="112" hits="0" branch="False"/>
                                <line number="113" hits="0" branch="False"/>
                                <line number="114" hits="0" branch="False"/>
                                <line number="115" hits="0" branch="False"/>
                                <line number="116" hits="0" branch="False"/>
                                <line number="117" hits="0" branch="False"/>
                                <line number="119" hits="0" branch="False"/>
                                <line number="120" hits="0" branch="False"/>
                                <line number="121" hits="0" branch="False"/>
                                <line number="122" hits="0" branch="False"/>
                                <line number="123" hits="0" branch="False"/>
                                <line number="124" hits="0" branch="False"/>
                                <line number="126" hits="0" branch="False"/>
                            </lines>
                        </method>
                    </methods>
                    <lines>
                        <line number="17" hits="0" branch="False"/>
                        <line number="19" hits="0" branch="False"/>
                        <line number="20" hits="0" branch="False"/>
                        <line number="21" hits="0" branch="False"/>
                        <line number="23" hits="0" branch="False"/>
                        <line number="25" hits="0" branch="False"/>
                        <line number="26" hits="0" branch="False"/>
                        <line number="27" hits="0" branch="False"/>
                        <line number="28" hits="0" branch="False"/>
                        <line number="29" hits="0" branch="False"/>
                        <line number="30" hits="0" branch="False"/>
                        <line number="31" hits="0" branch="False"/>
                        <line number="32" hits="0" branch="False"/>
                        <line number="33" hits="0" branch="False"/>
                        <line number="34" hits="0" branch="False"/>
                        <line number="35" hits="0" branch="False"/>
                        <line number="36" hits="0" branch="False"/>
                        <line number="37" hits="0" branch="False"/>
                        <line number="38" hits="0" branch="False"/>
                        <line number="39" hits="0" branch="False"/>
                        <line number="40" hits="0" branch="False"/>
                        <line number="41" hits="0" branch="False"/>
                        <line number="42" hits="0" branch="False"/>
                        <line number="43" hits="0" branch="False"/>
                        <line number="44" hits="0" branch="False"/>
                        <line number="45" hits="0" branch="False"/>
                        <line number="46" hits="0" branch="False"/>
                        <line number="47" hits="0" branch="False"/>
                        <line number="48" hits="0" branch="False"/>
                        <line number="49" hits="0" branch="False"/>
                        <line number="51" hits="0" branch="False"/>
                        <line number="52" hits="0" branch="False"/>
                        <line number="53" hits="0" branch="False"/>
                        <line number="54" hits="0" branch="False"/>
                        <line number="55" hits="0" branch="False"/>
                        <line number="56" hits="0" branch="False"/>
                        <line number="57" hits="0" branch="False"/>
                        <line number="58" hits="0" branch="False"/>
                        <line number="59" hits="0" branch="False"/>
                        <line number="60" hits="0" branch="False"/>
                        <line number="61" hits="0" branch="False"/>
                        <line number="62" hits="0" branch="False"/>
                        <line number="63" hits="0" branch="False"/>
                        <line number="64" hits="0" branch="False"/>
                        <line number="65" hits="0" branch="False"/>
                        <line number="66" hits="0" branch="False"/>
                        <line number="67" hits="0" branch="False"/>
                        <line number="68" hits="0" branch="False"/>
                        <line number="69" hits="0" branch="False"/>
                        <line number="70" hits="0" branch="False"/>
                        <line number="71" hits="0" branch="False"/>
                        <line number="72" hits="0" branch="False"/>
                        <line number="73" hits="0" branch="False"/>
                        <line number="74" hits="0" branch="False"/>
                        <line number="75" hits="0" branch="False"/>
                        <line number="77" hits="0" branch="False"/>
                        <line number="78" hits="0" branch="False"/>
                        <line number="79" hits="0" branch="False"/>
                        <line number="80" hits="0" branch="False"/>
                        <line number="81" hits="0" branch="False"/>
                        <line number="82" hits="0" branch="False"/>
                        <line number="83" hits="0" branch="False"/>
                        <line number="84" hits="0" branch="False"/>
                        <line number="85" hits="0" branch="False"/>
                        <line number="86" hits="0" branch="False"/>
                        <line number="87" hits="0" branch="False"/>
                        <line number="88" hits="0" branch="False"/>
                        <line number="89" hits="0" branch="False"/>
                        <line number="90" hits="0" branch="False"/>
                        <line number="91" hits="0" branch="False"/>
                        <line number="92" hits="0" branch="False"/>
                        <line number="93" hits="0" branch="False"/>
                        <line number="94" hits="0" branch="False"/>
                        <line number="95" hits="0" branch="False"/>
                        <line number="96" hits="0" branch="False"/>
                        <line number="98" hits="0" branch="False"/>
                        <line number="99" hits="0" branch="False"/>
                        <line number="100" hits="0" branch="False"/>
                        <line number="101" hits="0" branch="False"/>
                        <line number="102" hits="0" branch="False"/>
                        <line number="103" hits="0" branch="False"/>
                        <line number="104" hits="0" branch="False"/>
                        <line number="105" hits="0" branch="False"/>
                        <line number="106" hits="0" branch="False"/>
                        <line number="108" hits="0" branch="False"/>
                        <line number="109" hits="0" branch="False"/>
                        <line number="110" hits="0" branch="False"/>
                        <line number="111" hits="0" branch="False"/>
                        <line number="112" hits="0" branch="False"/>
                        <line number="113" hits="0" branch="False"/>
                        <line number="114" hits="0" branch="False"/>
                        <line number="115" hits="0" branch="False"/>
                        <line number="116" hits="0" branch="False"/>
                        <line number="117" hits="0" branch="False"/>
                        <line number="119" hits="0" branch="False"/>
                        <line number="120" hits="0" branch="False"/>
                        <line number="121" hits="0" branch="False"/>
                        <line number="122" hits="0" branch="False"/>
                        <line number="123" hits="0" branch="False"/>
                        <line number="124" hits="0" branch="False"/>
                        <line number="126" hits="0" branch="False"/>
                    </lines>
                </class>
                <class name="WebApi.DTOs.BaseModelDto" filename="DTOs/BaseModelDto.cs" line-rate="1" branch-rate="1"
                       complexity="1">
                    <methods>
                        <method name="get_Id" signature="()" line-rate="1" branch-rate="1" complexity="1">
                            <lines>
                                <line number="5" hits="45" branch="False"/>
                            </lines>
                        </method>
                    </methods>
                    <lines>
                        <line number="5" hits="45" branch="False"/>
                    </lines>
                </class>
                <class name="WebAPI.Services.AuthService" filename="Services/AuthService.cs" line-rate="0"
                       branch-rate="1" complexity="2">
                    <methods>
                        <method name="GenerateJwtToken" signature="(System.String)" line-rate="0" branch-rate="1"
                                complexity="1">
                            <lines>
                                <line number="19" hits="0" branch="False"/>
                                <line number="20" hits="0" branch="False"/>
                                <line number="22" hits="0" branch="False"/>
                                <line number="23" hits="0" branch="False"/>
                                <line number="24" hits="0" branch="False"/>
                                <line number="25" hits="0" branch="False"/>
                                <line number="26" hits="0" branch="False"/>
                                <line number="28" hits="0" branch="False"/>
                                <line number="29" hits="0" branch="False"/>
                                <line number="31" hits="0" branch="False"/>
                                <line number="32" hits="0" branch="False"/>
                                <line number="33" hits="0" branch="False"/>
                                <line number="34" hits="0" branch="False"/>
                                <line number="35" hits="0" branch="False"/>
                                <line number="36" hits="0" branch="False"/>
                                <line number="38" hits="0" branch="False"/>
                                <line number="39" hits="0" branch="False"/>
                            </lines>
                        </method>
                        <method name=".ctor" signature="(Microsoft.Extensions.Configuration.IConfiguration)"
                                line-rate="0" branch-rate="1" complexity="1">
                            <lines>
                                <line number="13" hits="0" branch="False"/>
                                <line number="14" hits="0" branch="False"/>
                                <line number="15" hits="0" branch="False"/>
                                <line number="16" hits="0" branch="False"/>
                            </lines>
                        </method>
                    </methods>
                    <lines>
                        <line number="19" hits="0" branch="False"/>
                        <line number="20" hits="0" branch="False"/>
                        <line number="22" hits="0" branch="False"/>
                        <line number="23" hits="0" branch="False"/>
                        <line number="24" hits="0" branch="False"/>
                        <line number="25" hits="0" branch="False"/>
                        <line number="26" hits="0" branch="False"/>
                        <line number="28" hits="0" branch="False"/>
                        <line number="29" hits="0" branch="False"/>
                        <line number="31" hits="0" branch="False"/>
                        <line number="32" hits="0" branch="False"/>
                        <line number="33" hits="0" branch="False"/>
                        <line number="34" hits="0" branch="False"/>
                        <line number="35" hits="0" branch="False"/>
                        <line number="36" hits="0" branch="False"/>
                        <line number="38" hits="0" branch="False"/>
                        <line number="39" hits="0" branch="False"/>
                        <line number="13" hits="0" branch="False"/>
                        <line number="14" hits="0" branch="False"/>
                        <line number="15" hits="0" branch="False"/>
                        <line number="16" hits="0" branch="False"/>
                    </lines>
                </class>
                <class name="WebAPI.Services.CategoryService" filename="Services/CategoryService.cs"
                       line-rate="0.5588000000000001" branch-rate="0.5" complexity="12">
                    <methods>
                        <method name="MapToEntity" signature="(WebAPI.DTOs.CategoryDto)" line-rate="0" branch-rate="1"
                                complexity="1">
                            <lines>
                                <line number="97" hits="0" branch="False"/>
                                <line number="98" hits="0" branch="False"/>
                                <line number="99" hits="0" branch="False"/>
                                <line number="100" hits="0" branch="False"/>
                                <line number="101" hits="0" branch="False"/>
                                <line number="102" hits="0" branch="False"/>
                                <line number="103" hits="0" branch="False"/>
                                <line number="104" hits="0" branch="False"/>
                            </lines>
                        </method>
                        <method name="MapToDto" signature="(WebAPI.Models.Category)" line-rate="0.6818000000000001"
                                branch-rate="0.5" complexity="10">
                            <lines>
                                <line number="107" hits="45" branch="False"/>
                                <line number="108" hits="45" branch="True" condition-coverage="50% (1/2)">
                                    <conditions>
                                        <condition number="7" type="jump" coverage="50%"/>
                                    </conditions>
                                </line>
                                <line number="110" hits="45" branch="True" condition-coverage="50% (4/8)">
                                    <conditions>
                                        <condition number="85" type="jump" coverage="50%"/>
                                        <condition number="114" type="jump" coverage="50%"/>
                                        <condition number="136" type="jump" coverage="50%"/>
                                        <condition number="184" type="jump" coverage="50%"/>
                                    </conditions>
                                </line>
                                <line number="111" hits="45" branch="False"/>
                                <line number="112" hits="45" branch="False"/>
                                <line number="113" hits="45" branch="False"/>
                                <line number="114" hits="45" branch="False"/>
                                <line number="115" hits="45" branch="False"/>
                                <line number="116" hits="45" branch="False"/>
[...]
                        <line number="92" hits="0" branch="False"/>
                        <line number="93" hits="0" branch="False"/>
                        <line number="95" hits="0" branch="False"/>
                    </lines>
                </class>
                <class name="WebAPI.Controllers.CourseController" filename="Controllers/CourseController.cs"
                       line-rate="0" branch-rate="1" complexity="1">
                    <methods>
                        <method name=".ctor" signature="(WebAPI.IServices.ICourseService)" line-rate="0" branch-rate="1"
                                complexity="1">
                            <lines>
                                <line number="15" hits="0" branch="False"/>
                                <line number="16" hits="0" branch="False"/>
                                <line number="17" hits="0" branch="False"/>
                                <line number="18" hits="0" branch="False"/>
                            </lines>
                        </method>
                    </methods>
                    <lines>
                        <line number="15" hits="0" branch="False"/>
                        <line number="16" hits="0" branch="False"/>
                        <line number="17" hits="0" branch="False"/>
                        <line number="18" hits="0" branch="False"/>
                    </lines>
                </class>
                <class name="WebAPI.Controllers.CourseController/&lt;AddCourse&gt;d__2"
                       filename="Controllers/CourseController.cs" line-rate="0" branch-rate="0" complexity="4">
                    <methods>
                        <method name="MoveNext" signature="()" line-rate="0" branch-rate="0" complexity="4">
                            <lines>
                                <line number="22" hits="0" branch="False"/>
                                <line number="23" hits="0" branch="True" condition-coverage="0% (0/2)">
                                    <conditions>
                                        <condition number="26" type="jump" coverage="0%"/>
                                    </conditions>
                                </line>
                                <line number="24" hits="0" branch="False"/>
                                <line number="25" hits="0" branch="False"/>
                                <line number="26" hits="0" branch="False"/>
                                <line number="27" hits="0" branch="False"/>
                                <line number="28" hits="0" branch="False"/>
                                <line number="29" hits="0" branch="False"/>
                                <line number="31" hits="0" branch="True" condition-coverage="0% (0/2)">
                                    <conditions>
                                        <condition number="100" type="jump" coverage="0%"/>
                                    </conditions>
                                </line>
                                <line number="34" hits="0" branch="False"/>
                                <line number="35" hits="0" branch="False"/>
                                <line number="36" hits="0" branch="False"/>
                                <line number="38" hits="0" branch="False"/>
                                <line number="39" hits="0" branch="False"/>
                                <line number="40" hits="0" branch="False"/>
                                <line number="42" hits="0" branch="False"/>
                            </lines>
                        </method>
                    </methods>
                    <lines>
                        <line number="22" hits="0" branch="False"/>
                        <line number="23" hits="0" branch="True" condition-coverage="0% (0/2)">
                            <conditions>
                                <condition number="26" type="jump" coverage="0%"/>
                            </conditions>
                        </line>
                        <line number="24" hits="0" branch="False"/>
                        <line number="25" hits="0" branch="False"/>
                        <line number="26" hits="0" branch="False"/>
                        <line number="27" hits="0" branch="False"/>
                        <line number="28" hits="0" branch="False"/>
                        <line number="29" hits="0" branch="False"/>
                        <line number="31" hits="0" branch="True" condition-coverage="0% (0/2)">
                            <conditions>
                                <condition number="100" type="jump" coverage="0%"/>
                            </conditions>
                        </line>
                        <line number="34" hits="0" branch="False"/>
                        <line number="35" hits="0" branch="False"/>
                        <line number="36" hits="0" branch="False"/>
                        <line number="38" hits="0" branch="False"/>
                        <line number="39" hits="0" branch="False"/>
                        <line number="40" hits="0" branch="False"/>
                        <line number="42" hits="0" branch="False"/>
                    </lines>
                </class>
                <class name="WebAPI.Controllers.CourseController/&lt;DeleteCourseById&gt;d__6"
                       filename="Controllers/CourseController.cs" line-rate="0" branch-rate="1" complexity="1">
                    <methods>
                        <method name="MoveNext" signature="()" line-rate="0" branch-rate="1" complexity="1">
                            <lines>
                                <line number="102" hits="0" branch="False"/>
                                <line number="104" hits="0" branch="False"/>
                                <line number="105" hits="0" branch="False"/>
                                <line number="106" hits="0" branch="False"/>
                                <line number="108" hits="0" branch="False"/>
                                <line number="109" hits="0" branch="False"/>
                                <line number="110" hits="0" branch="False"/>
                                <line number="112" hits="0" branch="False"/>
                            </lines>
                        </method>
                    </methods>
                    <lines>
                        <line number="102" hits="0" branch="False"/>
                        <line number="104" hits="0" branch="False"/>
                        <line number="105" hits="0" branch="False"/>
                        <line number="106" hits="0" branch="False"/>
                        <line number="108" hits="0" branch="False"/>
                        <line number="109" hits="0" branch="False"/>
                        <line number="110" hits="0" branch="False"/>
                        <line number="112" hits="0" branch="False"/>
                    </lines>
                </class>
                <class name="WebAPI.Controllers.CourseController/&lt;GetAllCourses&gt;d__3"
                       filename="Controllers/CourseController.cs" line-rate="0" branch-rate="1" complexity="1">
                    <methods>
                        <method name="MoveNext" signature="()" line-rate="0" branch-rate="1" complexity="1">
                            <lines>
                                <line number="46" hits="0" branch="False"/>
                                <line number="48" hits="0" branch="False"/>
                                <line number="49" hits="0" branch="False"/>
                                <line number="50" hits="0" branch="False"/>
                                <line number="52" hits="0" branch="False"/>
                                <line number="53" hits="0" branch="False"/>
                                <line number="54" hits="0" branch="False"/>
                                <line number="56" hits="0" branch="False"/>
                            </lines>
                        </method>
                    </methods>
                    <lines>
                        <line number="46" hits="0" branch="False"/>
                        <line number="48" hits="0" branch="False"/>
                        <line number="49" hits="0" branch="False"/>
                        <line number="50" hits="0" branch="False"/>
                        <line number="52" hits="0" branch="False"/>
                        <line number="53" hits="0" branch="False"/>
                        <line number="54" hits="0" branch="False"/>
                        <line number="56" hits="0" branch="False"/>
                    </lines>
                </class>
                <class name="WebAPI.Controllers.CourseController/&lt;GetCourseById&gt;d__4"
                       filename="Controllers/CourseController.cs" line-rate="0" branch-rate="0" complexity="2">
                    <methods>
                        <method name="MoveNext" signature="()" line-rate="0" branch-rate="0" complexity="2">
                            <lines>
                                <line number="60" hits="0" branch="False"/>
                                <line number="61" hits="0" branch="True" condition-coverage="0% (0/2)">
                                    <conditions>
                                        <condition number="31" type="jump" coverage="0%"/>
                                    </conditions>
                                </line>
                                <line number="62" hits="0" branch="False"/>
                                <line number="63" hits="0" branch="False"/>
                                <line number="64" hits="0" branch="False"/>
                                <line number="67" hits="0" branch="False"/>
                                <line number="68" hits="0" branch="False"/>
                                <line number="69" hits="0" branch="False"/>
                                <line number="71" hits="0" branch="False"/>
                                <line number="72" hits="0" branch="False"/>
                                <line number="73" hits="0" branch="False"/>
                                <line number="75" hits="0" branch="False"/>
                            </lines>
                        </method>
                    </methods>
                    <lines>
                        <line number="60" hits="0" branch="False"/>
                        <line number="61" hits="0" branch="True" condition-coverage="0% (0/2)">
                            <conditions>
                                <condition number="31" type="jump" coverage="0%"/>
                            </conditions>
                        </line>
                        <line number="62" hits="0" branch="False"/>
                        <line number="63" hits="0" branch="False"/>
                        <line number="64" hits="0" branch="False"/>
                        <line number="67" hits="0" branch="False"/>
                        <line number="68" hits="0" branch="False"/>
                        <line number="69" hits="0" branch="False"/>
                        <line number="71" hits="0" branch="False"/>
                        <line number="72" hits="0" branch="False"/>
                        <line number="73" hits="0" branch="False"/>
                        <line number="75" hits="0" branch="False"/>
                    </lines>
                </class>
                <class name="WebAPI.Controllers.CourseController/&lt;UpdateCourseById&gt;d__5"
                       filename="Controllers/CourseController.cs" line-rate="0" branch-rate="0" complexity="4">
                    <methods>
                        <method name="MoveNext" signature="()" line-rate="0" branch-rate="0" complexity="4">
                            <lines>
                                <line number="80" hits="0" branch="False"/>
                                <line number="81" hits="0" branch="True" condition-coverage="0% (0/2)">
                                    <conditions>
                                        <condition number="31" type="jump" coverage="0%"/>
                                    </conditions>
                                </line>
                                <line number="82" hits="0" branch="False"/>
                                <line number="83" hits="0" branch="False"/>
                                <line number="84" hits="0" branch="False"/>
                                <line number="86" hits="0" branch="True" condition-coverage="0% (0/2)">
                                    <conditions>
                                        <condition number="105" type="jump" coverage="0%"/>
                                    </conditions>
                                </line>
                                <line number="89" hits="0" branch="False"/>
                                <line number="90" hits="0" branch="False"/>
                                <line number="91" hits="0" branch="False"/>
                                <line number="93" hits="0" branch="False"/>
                                <line number="94" hits="0" branch="False"/>
                                <line number="95" hits="0" branch="False"/>
                                <line number="97" hits="0" branch="False"/>
                            </lines>
                        </method>
                    </methods>
                    <lines>
                        <line number="80" hits="0" branch="False"/>
                        <line number="81" hits="0" branch="True" condition-coverage="0% (0/2)">
                            <conditions>
                                <condition number="31" type="jump" coverage="0%"/>
                            </conditions>
                        </line>
                        <line number="82" hits="0" branch="False"/>
                        <line number="83" hits="0" branch="False"/>
                        <line number="84" hits="0" branch="False"/>
                        <line number="86" hits="0" branch="True" condition-coverage="0% (0/2)">
                            <conditions>
                                <condition number="105" type="jump" coverage="0%"/>
                            </conditions>
                        </line>
                        <line number="89" hits="0" branch="False"/>
                        <line number="90" hits="0" branch="False"/>
                        <line number="91" hits="0" branch="False"/>
                        <line number="93" hits="0" branch="False"/>
                        <line number="94" hits="0" branch="False"/>
                        <line number="95" hits="0" branch="False"/>
                        <line number="97" hits="0" branch="False"/>
                    </lines>
                </class>
                <class name="WebAPI.Controllers.UserController" filename="Controllers/UserController.cs" line-rate="0"
                       branch-rate="1" complexity="1">
                    <methods>
                        <method name=".ctor" signature="(WebAPI.IServices.IUserService)" line-rate="0" branch-rate="1"
                                complexity="1">
                            <lines>
                                <line number="13" hits="0" branch="False"/>
                                <line number="14" hits="0" branch="False"/>
                                <line number="15" hits="0" branch="False"/>
                                <line number="16" hits="0" branch="False"/>
                            </lines>
                        </method>
                    </methods>
                    <lines>
                        <line number="13" hits="0" branch="False"/>
                        <line number="14" hits="0" branch="False"/>
                        <line number="15" hits="0" branch="False"/>
                        <line number="16" hits="0" branch="False"/>
                    </lines>
                </class>
                <class name="WebAPI.Controllers.UserController/&lt;Post&gt;d__2"
                       filename="Controllers/UserController.cs" line-rate="0" branch-rate="0" complexity="4">
                    <methods>
                        <method name="MoveNext" signature="()" line-rate="0" branch-rate="0" complexity="4">
                            <lines>
                                <line number="20" hits="0" branch="False"/>
                                <line number="21" hits="0" branch="True" condition-coverage="0% (0/2)">
                                    <conditions>
                                        <condition number="26" type="jump" coverage="0%"/>
                                    </conditions>
                                </line>
                                <line number="22" hits="0" branch="False"/>
                                <line number="23" hits="0" branch="False"/>
                                <line number="24" hits="0" branch="False"/>
                                <line number="25" hits="0" branch="False"/>
                                <line number="26" hits="0" branch="False"/>
                                <line number="27" hits="0" branch="False"/>
                                <line number="29" hits="0" branch="True" condition-coverage="0% (0/2)">
                                    <conditions>
                                        <condition number="100" type="jump" coverage="0%"/>
                                    </conditions>
                                </line>
                                <line number="32" hits="0" branch="False"/>
                                <line number="33" hits="0" branch="False"/>
                                <line number="34" hits="0" branch="False"/>
                                <line number="36" hits="0" branch="False"/>
                                <line number="37" hits="0" branch="False"/>
                                <line number="38" hits="0" branch="False"/>
                                <line number="40" hits="0" branch="False"/>
                            </lines>
                        </method>
                    </methods>
                    <lines>
                        <line number="20" hits="0" branch="False"/>
                        <line number="21" hits="0" branch="True" condition-coverage="0% (0/2)">
                            <conditions>
                                <condition number="26" type="jump" coverage="0%"/>
                            </conditions>
                        </line>
                        <line number="22" hits="0" branch="False"/>
                        <line number="23" hits="0" branch="False"/>
                        <line number="24" hits="0" branch="False"/>
                        <line number="25" hits="0" branch="False"/>
                        <line number="26" hits="0" branch="False"/>
                        <line number="27" hits="0" branch="False"/>
                        <line number="29" hits="0" branch="True" condition-coverage="0% (0/2)">
                            <conditions>
                                <condition number="100" type="jump" coverage="0%"/>
                            </conditions>
                        </line>
                        <line number="32" hits="0" branch="False"/>
                        <line number="33" hits="0" branch="False"/>
                        <line number="34" hits="0" branch="False"/>
                        <line number="36" hits="0" branch="False"/>
                        <line number="37" hits="0" branch="False"/>
                        <line number="38" hits="0" branch="False"/>
                        <line number="40" hits="0" branch="False"/>
                    </lines>
                </class>
            </classes>
        </package>
    </packages>
</coverage>