<?xml version="1.0" encoding="utf-8"?>
<coverage line-rate="0.5493" branch-rate="0.5" version="1.9" timestamp="1730027354" lines-covered="167" lines-valid="304" branches-covered="17" branches-valid="34">
  <sources>
    <source>C:\Users\James\Documents\UnitTestExample\Library.API\</source>
  </sources>
  <packages>
    <package name="Library.API" line-rate="0.5493" branch-rate="0.5" complexity="97">
      <classes>
        <class name="Library.API.ApplicationSettings" filename="ApplicationSettings.cs" line-rate="0" branch-rate="1" complexity="1">
          <methods>
            <method name="get_URL" signature="()" line-rate="0" branch-rate="1">
              <lines>
                <line number="5" hits="0" branch="False" />
              </lines>
            </method>
          </methods>
          <lines>
            <line number="5" hits="0" branch="False" />
          </lines>
        </class>
        <class name="Library.API.OtherConfigs" filename="ApplicationSettings.cs" line-rate="0" branch-rate="1" complexity="1">
          <methods>
            <method name="get_Prefix" signature="()" line-rate="0" branch-rate="1">
              <lines>
                <line number="10" hits="0" branch="False" />
              </lines>
            </method>
          </methods>
          <lines>
            <line number="10" hits="0" branch="False" />
          </lines>
        </class>
        <class name="Library.API.Program" filename="Program.cs" line-rate="0" branch-rate="0" complexity="3">
          <methods>
            <method name="Main" signature="(System.String[])" line-rate="0" branch-rate="1">
              <lines>
                <line number="9" hits="0" branch="False" />
                <line number="10" hits="0" branch="False" />
                <line number="11" hits="0" branch="False" />
                <line number="12" hits="0" branch="False" />
              </lines>
            </method>
            <method name="CreateHostBuilder" signature="(System.String[])" line-rate="0" branch-rate="0">
              <lines>
                <line number="15" hits="0" branch="True" condition-coverage="0% (0/2)">
                  <conditions>
                    <condition number="12" type="jump" coverage="0%" />
                  </conditions>
                </line>
                <line number="16" hits="0" branch="False" />
                <line number="17" hits="0" branch="False" />
                <line number="18" hits="0" branch="False" />
                <line number="19" hits="0" branch="False" />
              </lines>
            </method>
          </methods>
          <lines>
            <line number="9" hits="0" branch="False" />
            <line number="10" hits="0" branch="False" />
            <line number="11" hits="0" branch="False" />
            <line number="12" hits="0" branch="False" />
            <line number="15" hits="0" branch="True" condition-coverage="0% (0/2)">
              <conditions>
                <condition number="12" type="jump" coverage="0%" />
              </conditions>
            </line>
            <line number="16" hits="0" branch="False" />
            <line number="17" hits="0" branch="False" />
            <line number="18" hits="0" branch="False" />
            <line number="19" hits="0" branch="False" />
          </lines>
        </class>
        <class name="Library.API.Startup" filename="Startup.cs" line-rate="0" branch-rate="0" complexity="7">
          <methods>
            <method name="get_Configuration" signature="()" line-rate="0" branch-rate="1">
              <lines>
                <line number="21" hits="0" branch="False" />
              </lines>
            </method>
            <method name="ConfigureServices" signature="(Microsoft.Extensions.DependencyInjection.IServiceCollection)" line-rate="0" branch-rate="1">
              <lines>
                <line number="25" hits="0" branch="False" />
                <line number="27" hits="0" branch="False" />
                <line number="28" hits="0" branch="False" />
                <line number="30" hits="0" branch="False" />
                <line number="31" hits="0" branch="False" />
                <line number="32" hits="0" branch="False" />
                <line number="33" hits="0" branch="False" />
                <line number="35" hits="0" branch="False" />
                <line number="36" hits="0" branch="False" />
                <line number="39" hits="0" branch="False" />
                <line number="40" hits="0" branch="False" />
                <line number="44" hits="0" branch="False" />
                <line number="45" hits="0" branch="False" />
                <line number="58" hits="0" branch="False" />
                <line number="59" hits="0" branch="False" />
              </lines>
            </method>
            <method name="Configure" signature="(Microsoft.AspNetCore.Builder.IApplicationBuilder,Microsoft.AspNetCore.Hosting.IWebHostEnvironment)" line-rate="0" branch-rate="0">
              <lines>
                <line number="63" hits="0" branch="False" />
                <line number="64" hits="0" branch="True" condition-coverage="0% (0/2)">
                  <conditions>
                    <condition number="9" type="jump" coverage="0%" />
                  </conditions>
                </line>
                <line number="65" hits="0" branch="False" />
                <line number="66" hits="0" branch="False" />
                <line number="67" hits="0" branch="False" />
                <line number="69" hits="0" branch="False" />
                <line number="71" hits="0" branch="False" />
                <line number="73" hits="0" branch="False" />
                <line number="75" hits="0" branch="True" condition-coverage="0% (0/2)">
                  <conditions>
                    <condition number="48" type="jump" coverage="0%" />
                  </conditions>
                </line>
                <line number="76" hits="0" branch="False" />
                <line number="77" hits="0" branch="False" />
                <line number="78" hits="0" branch="False" />
                <line number="79" hits="0" branch="False" />
              </lines>
            </method>
            <method name=".ctor" signature="(Microsoft.Extensions.Configuration.IConfiguration)" line-rate="0" branch-rate="1">
              <lines>
                <line number="16" hits="0" branch="False" />
                <line number="17" hits="0" branch="False" />
                <line number="18" hits="0" branch="False" />
                <line number="19" hits="0" branch="False" />
              </lines>
            </method>
          </methods>
          <lines>
            <line number="21" hits="0" branch="False" />
            <line number="25" hits="0" branch="False" />
            <line number="27" hits="0" branch="False" />
            <line number="28" hits="0" branch="False" />
            <line number="30" hits="0" branch="False" />
            <line number="31" hits="0" branch="False" />
            <line number="32" hits="0" branch="False" />
            <line number="33" hits="0" branch="False" />
            <line number="35" hits="0" branch="False" />
            <line number="36" hits="0" branch="False" />
            <line number="39" hits="0" branch="False" />
            <line number="40" hits="0" branch="False" />
            <line number="44" hits="0" branch="False" />
            <line number="45" hits="0" branch="False" />
            <line number="58" hits="0" branch="False" />
            <line number="59" hits="0" branch="False" />
            <line number="63" hits="0" branch="False" />
            <line number="64" hits="0" branch="True" condition-coverage="0% (0/2)">
              <conditions>
                <condition number="9" type="jump" coverage="0%" />
              </conditions>
            </line>
            <line number="65" hits="0" branch="False" />
            <line number="66" hits="0" branch="False" />
            <line number="67" hits="0" branch="False" />
            <line number="69" hits="0" branch="False" />
            <line number="71" hits="0" branch="False" />
            <line number="73" hits="0" branch="False" />
            <line number="75" hits="0" branch="True" condition-coverage="0% (0/2)">
              <conditions>
                <condition number="48" type="jump" coverage="0%" />
              </conditions>
            </line>
            <line number="76" hits="0" branch="False" />
            <line number="77" hits="0" branch="False" />
            <line number="78" hits="0" branch="False" />
            <line number="79" hits="0" branch="False" />
            <line number="16" hits="0" branch="False" />
            <line number="17" hits="0" branch="False" />
            <line number="18" hits="0" branch="False" />
            <line number="19" hits="0" branch="False" />
          </lines>
        </class>
        <class name="Library.API.Services.BlogService" filename="Services\BlogService.cs" line-rate="0.7142000000000001" branch-rate="1" complexity="5">
          <methods>
            <method name="AddBlog" signature="(System.String,System.String)" line-rate="1" branch-rate="1">
              <lines>
                <line number="19" hits="1" branch="False" />
                <line number="20" hits="1" branch="False" />
                <line number="21" hits="1" branch="False" />
                <line number="23" hits="1" branch="False" />
                <line number="24" hits="1" branch="False" />
              </lines>
            </method>
            <method name="GetAllBlogs" signature="()" line-rate="0" branch-rate="1">
              <lines>
                <line number="27" hits="0" branch="False" />
                <line number="28" hits="0" branch="False" />
                <line number="29" hits="0" branch="False" />
                <line number="30" hits="0" branch="False" />
                <line number="32" hits="0" branch="False" />
                <line number="33" hits="0" branch="False" />
              </lines>
            </method>
            <method name="GetBlosNameMoreThan3" signature="()" line-rate="1" branch-rate="1">
              <lines>
                <line number="36" hits="1" branch="False" />
                <line number="37" hits="1" branch="False" />
                <line number="38" hits="1" branch="False" />
                <line number="39" hits="1" branch="False" />
                <line number="41" hits="4" branch="True" condition-coverage="100% (2/2)">
                  <conditions>
                    <condition number="87" type="jump" coverage="100%" />
                  </conditions>
                </line>
                <line number="42" hits="1" branch="False" />
              </lines>
            </method>
            <method name=".ctor" signature="(Library.API.Data.BloggingContext)" line-rate="1" branch-rate="1">
              <lines>
                <line number="13" hits="2" branch="False" />
                <line number="14" hits="2" branch="False" />
                <line number="15" hits="2" branch="False" />
                <line number="16" hits="2" branch="False" />
              </lines>
            </method>
          </methods>
          <lines>
            <line number="19" hits="1" branch="False" />
            <line number="20" hits="1" branch="False" />
            <line number="21" hits="1" branch="False" />
            <line number="23" hits="1" branch="False" />
            <line number="24" hits="1" branch="False" />
            <line number="27" hits="0" branch="False" />
            <line number="28" hits="0" branch="False" />
            <line number="29" hits="0" branch="False" />
            <line number="30" hits="0" branch="False" />
            <line number="32" hits="0" branch="False" />
            <line number="33" hits="0" branch="False" />
            <line number="36" hits="1" branch="False" />
            <line number="37" hits="1" branch="False" />
            <line number="38" hits="1" branch="False" />
            <line number="39" hits="1" branch="False" />
            <line number="41" hits="4" branch="True" condition-coverage="100% (2/2)">
              <conditions>
                <condition number="87" type="jump" coverage="100%" />
              </conditions>
            </line>
            <line number="42" hits="1" branch="False" />
            <line number="13" hits="2" branch="False" />
            <line number="14" hits="2" branch="False" />
            <line number="15" hits="2" branch="False" />
            <line number="16" hits="2" branch="False" />
          </lines>
        </class>
        <class name="Library.API.Services.BlogService/&lt;GetAllBlogsAsync&gt;d__5" filename="Services\BlogService.cs" line-rate="0" branch-rate="1" complexity="1">
          <methods>
            <method name="MoveNext" signature="()" line-rate="0" branch-rate="1">
              <lines>
                <line number="45" hits="0" branch="False" />
                <line number="46" hits="0" branch="False" />
                <line number="47" hits="0" branch="False" />
                <line number="48" hits="0" branch="False" />
                <line number="50" hits="0" branch="False" />
                <line number="51" hits="0" branch="False" />
              </lines>
            </method>
          </methods>
          <lines>
            <line number="45" hits="0" branch="False" />
            <line number="46" hits="0" branch="False" />
            <line number="47" hits="0" branch="False" />
            <line number="48" hits="0" branch="False" />
            <line number="50" hits="0" branch="False" />
            <line number="51" hits="0" branch="False" />
          </lines>
        </class>
        <class name="Library.API.Services.BookService" filename="Services\BookService.cs" line-rate="1" branch-rate="1" complexity="5">
          <methods>
            <method name="GetAll" signature="()" line-rate="1" branch-rate="1">
              <lines>
                <line number="55" hits="4" branch="False" />
                <line number="56" hits="4" branch="False" />
                <line number="57" hits="4" branch="False" />
              </lines>
            </method>
            <method name="Add" signature="(Library.API.Data.Models.Book)" line-rate="1" branch-rate="1">
              <lines>
                <line number="60" hits="1" branch="False" />
                <line number="61" hits="1" branch="False" />
                <line number="62" hits="1" branch="False" />
                <line number="63" hits="1" branch="False" />
                <line number="64" hits="1" branch="False" />
              </lines>
            </method>
            <method name="GetById" signature="(System.Guid)" line-rate="1" branch-rate="1">
              <lines>
                <line number="66" hits="39" branch="False" />
              </lines>
            </method>
            <method name="Remove" signature="(System.Guid)" line-rate="1" branch-rate="1">
              <lines>
                <line number="69" hits="1" branch="False" />
                <line number="70" hits="2" branch="False" />
                <line number="71" hits="1" branch="False" />
                <line number="72" hits="1" branch="False" />
              </lines>
            </method>
            <method name=".ctor" signature="()" line-rate="1" branch-rate="1">
              <lines>
                <line number="12" hits="7" branch="False" />
                <line number="13" hits="7" branch="False" />
                <line number="14" hits="7" branch="False" />
                <line number="15" hits="7" branch="False" />
                <line number="16" hits="7" branch="False" />
                <line number="17" hits="7" branch="False" />
                <line number="18" hits="7" branch="False" />
                <line number="19" hits="7" branch="False" />
                <line number="20" hits="7" branch="False" />
                <line number="21" hits="7" branch="False" />
                <line number="22" hits="7" branch="False" />
                <line number="23" hits="7" branch="False" />
                <line number="24" hits="7" branch="False" />
                <line number="25" hits="7" branch="False" />
                <line number="26" hits="7" branch="False" />
                <line number="27" hits="7" branch="False" />
                <line number="28" hits="7" branch="False" />
                <line number="29" hits="7" branch="False" />
                <line number="30" hits="7" branch="False" />
                <line number="31" hits="7" branch="False" />
                <line number="32" hits="7" branch="False" />
                <line number="33" hits="7" branch="False" />
                <line number="34" hits="7" branch="False" />
                <line number="35" hits="7" branch="False" />
                <line number="36" hits="7" branch="False" />
                <line number="37" hits="7" branch="False" />
                <line number="38" hits="7" branch="False" />
                <line number="39" hits="7" branch="False" />
                <line number="40" hits="7" branch="False" />
                <line number="41" hits="7" branch="False" />
                <line number="42" hits="7" branch="False" />
                <line number="43" hits="7" branch="False" />
                <line number="44" hits="7" branch="False" />
                <line number="45" hits="7" branch="False" />
                <line number="46" hits="7" branch="False" />
                <line number="47" hits="7" branch="False" />
                <line number="48" hits="7" branch="False" />
                <line number="49" hits="7" branch="False" />
                <line number="50" hits="7" branch="False" />
                <line number="51" hits="7" branch="False" />
                <line number="52" hits="7" branch="False" />
              </lines>
            </method>
          </methods>
          <lines>
            <line number="55" hits="4" branch="False" />
            <line number="56" hits="4" branch="False" />
            <line number="57" hits="4" branch="False" />
            <line number="60" hits="1" branch="False" />
            <line number="61" hits="1" branch="False" />
            <line number="62" hits="1" branch="False" />
            <line number="63" hits="1" branch="False" />
            <line number="64" hits="1" branch="False" />
            <line number="66" hits="39" branch="False" />
            <line number="69" hits="1" branch="False" />
            <line number="70" hits="2" branch="False" />
            <line number="71" hits="1" branch="False" />
            <line number="72" hits="1" branch="False" />
            <line number="12" hits="7" branch="False" />
            <line number="13" hits="7" branch="False" />
            <line number="14" hits="7" branch="False" />
            <line number="15" hits="7" branch="False" />
            <line number="16" hits="7" branch="False" />
            <line number="17" hits="7" branch="False" />
            <line number="18" hits="7" branch="False" />
            <line number="19" hits="7" branch="False" />
            <line number="20" hits="7" branch="False" />
            <line number="21" hits="7" branch="False" />
            <line number="22" hits="7" branch="False" />
            <line number="23" hits="7" branch="False" />
            <line number="24" hits="7" branch="False" />
            <line number="25" hits="7" branch="False" />
            <line number="26" hits="7" branch="False" />
            <line number="27" hits="7" branch="False" />
            <line number="28" hits="7" branch="False" />
            <line number="29" hits="7" branch="False" />
            <line number="30" hits="7" branch="False" />
            <line number="31" hits="7" branch="False" />
            <line number="32" hits="7" branch="False" />
            <line number="33" hits="7" branch="False" />
            <line number="34" hits="7" branch="False" />
            <line number="35" hits="7" branch="False" />
            <line number="36" hits="7" branch="False" />
            <line number="37" hits="7" branch="False" />
            <line number="38" hits="7" branch="False" />
            <line number="39" hits="7" branch="False" />
            <line number="40" hits="7" branch="False" />
            <line number="41" hits="7" branch="False" />
            <line number="42" hits="7" branch="False" />
            <line number="43" hits="7" branch="False" />
            <line number="44" hits="7" branch="False" />
            <line number="45" hits="7" branch="False" />
            <line number="46" hits="7" branch="False" />
            <line number="47" hits="7" branch="False" />
            <line number="48" hits="7" branch="False" />
            <line number="49" hits="7" branch="False" />
            <line number="50" hits="7" branch="False" />
            <line number="51" hits="7" branch="False" />
            <line number="52" hits="7" branch="False" />
          </lines>
        </class>
        <class name="Library.API.Services.ProductService" filename="Services\ProductService.cs" line-rate="0.0888" branch-rate="0" complexity="11">
          <methods>
            <method name="get_EditTime" signature="()" line-rate="0" branch-rate="1">
              <lines>
                <line number="26" hits="0" branch="False" />
              </lines>
            </method>
            <method name="ProtectedMethod" signature="()" line-rate="0" branch-rate="1">
              <lines>
                <line number="32" hits="0" branch="False" />
                <line number="33" hits="0" branch="False" />
                <line number="34" hits="0" branch="False" />
              </lines>
            </method>
            <method name="CallProtectedMethod" signature="()" line-rate="1" branch-rate="1">
              <lines>
                <line number="37" hits="1" branch="False" />
                <line number="38" hits="1" branch="False" />
                <line number="39" hits="1" branch="False" />
              </lines>
            </method>
            <method name="GetConfig" signature="()" line-rate="0" branch-rate="1">
              <lines>
                <line number="42" hits="0" branch="False" />
                <line number="43" hits="0" branch="False" />
                <line number="44" hits="0" branch="False" />
              </lines>
            </method>
            <method name="GetProducts" signature="(System.Collections.Generic.IList`1&lt;Library.API.Data.Models.Product&gt;,System.String)" line-rate="0" branch-rate="1">
              <lines>
                <line number="83" hits="0" branch="False" />
                <line number="86" hits="0" branch="False" />
                <line number="87" hits="0" branch="False" />
                <line number="88" hits="0" branch="False" />
              </lines>
            </method>
            <method name="GetAllProducts" signature="()" line-rate="0" branch-rate="1">
              <lines>
                <line number="91" hits="0" branch="False" />
                <line number="92" hits="0" branch="False" />
                <line number="93" hits="0" branch="False" />
                <line number="94" hits="0" branch="False" />
                <line number="95" hits="0" branch="False" />
                <line number="96" hits="0" branch="False" />
                <line number="98" hits="0" branch="False" />
                <line number="99" hits="0" branch="False" />
              </lines>
            </method>
            <method name=".ctor" signature="()" line-rate="0.5" branch-rate="1">
              <lines>
                <line number="21" hits="0" branch="False" />
                <line number="29" hits="3" branch="False" />
              </lines>
            </method>
            <method name=".ctor" signature="(Library.API.ApplicationSettings,Library.API.Config.MockSetting,Microsoft.Extensions.Configuration.IConfiguration,Microsoft.Extensions.Options.IOptions`1&lt;Library.API.ApplicationSettings&gt;,Microsoft.Extensions.Options.IOptionsSnapshot`1&lt;Library.API.OtherConfigs&gt;,Microsoft.Extensions.Options.IOptionsSnapshot`1&lt;Library.API.Config.DBConnectionConfig&gt;,Microsoft.Extensions.Options.IOptions`1&lt;Library.API.Config.MockSetting&gt;)" line-rate="0" branch-rate="0">
              <lines>
                <line number="51" hits="0" branch="False" />
                <line number="52" hits="0" branch="False" />
                <line number="53" hits="0" branch="False" />
                <line number="54" hits="0" branch="False" />
                <line number="55" hits="0" branch="False" />
                <line number="56" hits="0" branch="False" />
                <line number="57" hits="0" branch="False" />
                <line number="58" hits="0" branch="False" />
                <line number="59" hits="0" branch="False" />
                <line number="60" hits="0" branch="False" />
                <line number="61" hits="0" branch="False" />
                <line number="62" hits="0" branch="False" />
                <line number="63" hits="0" branch="False" />
                <line number="64" hits="0" branch="False" />
                <line number="65" hits="0" branch="False" />
                <line number="66" hits="0" branch="False" />
                <line number="69" hits="0" branch="False" />
                <line number="73" hits="0" branch="False" />
                <line number="74" hits="0" branch="True" condition-coverage="0% (0/2)">
                  <conditions>
                    <condition number="153" type="jump" coverage="0%" />
                  </conditions>
                </line>
                <line number="77" hits="0" branch="True" condition-coverage="0% (0/2)">
                  <conditions>
                    <condition number="179" type="jump" coverage="0%" />
                  </conditions>
                </line>
                <line number="80" hits="0" branch="False" />
              </lines>
            </method>
          </methods>
          <lines>
            <line number="26" hits="0" branch="False" />
            <line number="32" hits="0" branch="False" />
            <line number="33" hits="0" branch="False" />
            <line number="34" hits="0" branch="False" />
            <line number="37" hits="1" branch="False" />
            <line number="38" hits="1" branch="False" />
            <line number="39" hits="1" branch="False" />
            <line number="42" hits="0" branch="False" />
            <line number="43" hits="0" branch="False" />
            <line number="44" hits="0" branch="False" />
            <line number="83" hits="0" branch="False" />
            <line number="86" hits="0" branch="False" />
            <line number="87" hits="0" branch="False" />
            <line number="88" hits="0" branch="False" />
            <line number="91" hits="0" branch="False" />
            <line number="92" hits="0" branch="False" />
            <line number="93" hits="0" branch="False" />
            <line number="94" hits="0" branch="False" />
            <line number="95" hits="0" branch="False" />
            <line number="96" hits="0" branch="False" />
            <line number="98" hits="0" branch="False" />
            <line number="99" hits="0" branch="False" />
            <line number="21" hits="0" branch="False" />
            <line number="29" hits="3" branch="False" />
            <line number="51" hits="0" branch="False" />
            <line number="52" hits="0" branch="False" />
            <line number="53" hits="0" branch="False" />
            <line number="54" hits="0" branch="False" />
            <line number="55" hits="0" branch="False" />
            <line number="56" hits="0" branch="False" />
            <line number="57" hits="0" branch="False" />
            <line number="58" hits="0" branch="False" />
            <line number="59" hits="0" branch="False" />
            <line number="60" hits="0" branch="False" />
            <line number="61" hits="0" branch="False" />
            <line number="62" hits="0" branch="False" />
            <line number="63" hits="0" branch="False" />
            <line number="64" hits="0" branch="False" />
            <line number="65" hits="0" branch="False" />
            <line number="66" hits="0" branch="False" />
            <line number="69" hits="0" branch="False" />
            <line number="73" hits="0" branch="False" />
            <line number="74" hits="0" branch="True" condition-coverage="0% (0/2)">
              <conditions>
                <condition number="153" type="jump" coverage="0%" />
              </conditions>
            </line>
            <line number="77" hits="0" branch="True" condition-coverage="0% (0/2)">
              <conditions>
                <condition number="179" type="jump" coverage="0%" />
              </conditions>
            </line>
            <line number="80" hits="0" branch="False" />
          </lines>
        </class>
        <class name="Library.API.Services.ProductService/&lt;GetRemoteProductsAsync&gt;d__19" filename="Services\ProductService.cs" line-rate="0" branch-rate="0" complexity="4">
          <methods>
            <method name="MoveNext" signature="()" line-rate="0" branch-rate="0">
              <lines>
                <line number="102" hits="0" branch="True" condition-coverage="0% (0/2)">
                  <conditions>
                    <condition number="14" type="jump" coverage="0%" />
                  </conditions>
                </line>
                <line number="103" hits="0" branch="False" />
                <line number="105" hits="0" branch="True" condition-coverage="0% (0/2)">
                  <conditions>
                    <condition number="181" type="jump" coverage="0%" />
                  </conditions>
                </line>
                <line number="107" hits="0" branch="False" />
                <line number="108" hits="0" branch="False" />
                <line number="109" hits="0" branch="False" />
                <line number="110" hits="0" branch="False" />
                <line number="111" hits="0" branch="False" />
                <line number="113" hits="0" branch="False" />
                <line number="114" hits="0" branch="False" />
              </lines>
            </method>
          </methods>
          <lines>
            <line number="102" hits="0" branch="True" condition-coverage="0% (0/2)">
              <conditions>
                <condition number="14" type="jump" coverage="0%" />
              </conditions>
            </line>
            <line number="103" hits="0" branch="False" />
            <line number="105" hits="0" branch="True" condition-coverage="0% (0/2)">
              <conditions>
                <condition number="181" type="jump" coverage="0%" />
              </conditions>
            </line>
            <line number="107" hits="0" branch="False" />
            <line number="108" hits="0" branch="False" />
            <line number="109" hits="0" branch="False" />
            <line number="110" hits="0" branch="False" />
            <line number="111" hits="0" branch="False" />
            <line number="113" hits="0" branch="False" />
            <line number="114" hits="0" branch="False" />
          </lines>
        </class>
        <class name="Library.API.Data.BloggingContext" filename="Data\BloggingContext.cs" line-rate="0" branch-rate="1" complexity="2">
          <methods>
            <method name="get_Blogs" signature="()" line-rate="0" branch-rate="1">
              <lines>
                <line number="8" hits="0" branch="False" />
              </lines>
            </method>
            <method name="get_Posts" signature="()" line-rate="0" branch-rate="1">
              <lines>
                <line number="9" hits="0" branch="False" />
              </lines>
            </method>
          </methods>
          <lines>
            <line number="8" hits="0" branch="False" />
            <line number="9" hits="0" branch="False" />
          </lines>
        </class>
        <class name="Library.API.Data.Blog" filename="Data\BloggingContext.cs" line-rate="0.25" branch-rate="1" complexity="4">
          <methods>
            <method name="get_BlogId" signature="()" line-rate="0" branch-rate="1">
              <lines>
                <line number="14" hits="0" branch="False" />
              </lines>
            </method>
            <method name="get_Name" signature="()" line-rate="1" branch-rate="1">
              <lines>
                <line number="15" hits="10" branch="False" />
              </lines>
            </method>
            <method name="get_Url" signature="()" line-rate="0" branch-rate="1">
              <lines>
                <line number="16" hits="0" branch="False" />
              </lines>
            </method>
            <method name="get_Posts" signature="()" line-rate="0" branch-rate="1">
              <lines>
                <line number="18" hits="0" branch="False" />
              </lines>
            </method>
          </methods>
          <lines>
            <line number="14" hits="0" branch="False" />
            <line number="15" hits="10" branch="False" />
            <line number="16" hits="0" branch="False" />
            <line number="18" hits="0" branch="False" />
          </lines>
        </class>
        <class name="Library.API.Data.Post" filename="Data\BloggingContext.cs" line-rate="0" branch-rate="1" complexity="5">
          <methods>
            <method name="get_PostId" signature="()" line-rate="0" branch-rate="1">
              <lines>
                <line number="23" hits="0" branch="False" />
              </lines>
            </method>
            <method name="get_Title" signature="()" line-rate="0" branch-rate="1">
              <lines>
                <line number="24" hits="0" branch="False" />
              </lines>
            </method>
            <method name="get_Content" signature="()" line-rate="0" branch-rate="1">
              <lines>
                <line number="25" hits="0" branch="False" />
              </lines>
            </method>
            <method name="get_BlogId" signature="()" line-rate="0" branch-rate="1">
              <lines>
                <line number="27" hits="0" branch="False" />
              </lines>
            </method>
            <method name="get_Blog" signature="()" line-rate="0" branch-rate="1">
              <lines>
                <line number="28" hits="0" branch="False" />
              </lines>
            </method>
          </methods>
          <lines>
            <line number="23" hits="0" branch="False" />
            <line number="24" hits="0" branch="False" />
            <line number="25" hits="0" branch="False" />
            <line number="27" hits="0" branch="False" />
            <line number="28" hits="0" branch="False" />
          </lines>
        </class>
        <class name="Library.API.Data.Models.Book" filename="Data\Models\Book.cs" line-rate="1" branch-rate="1" complexity="4">
          <methods>
            <method name="get_Id" signature="()" line-rate="1" branch-rate="1">
              <lines>
                <line number="11" hits="71" branch="False" />
              </lines>
            </method>
            <method name="get_Title" signature="()" line-rate="1" branch-rate="1">
              <lines>
                <line number="13" hits="40" branch="False" />
              </lines>
            </method>
            <method name="get_Author" signature="()" line-rate="1" branch-rate="1">
              <lines>
                <line number="14" hits="39" branch="False" />
              </lines>
            </method>
            <method name="get_Description" signature="()" line-rate="1" branch-rate="1">
              <lines>
                <line number="15" hits="39" branch="False" />
              </lines>
            </method>
          </methods>
          <lines>
            <line number="11" hits="71" branch="False" />
            <line number="13" hits="40" branch="False" />
            <line number="14" hits="39" branch="False" />
            <line number="15" hits="39" branch="False" />
          </lines>
        </class>
        <class name="Library.API.Data.Models.Product" filename="Data\Models\Product.cs" line-rate="1" branch-rate="1" complexity="3">
          <methods>
            <method name="get_Id" signature="()" line-rate="1" branch-rate="1">
              <lines>
                <line number="8" hits="83" branch="False" />
              </lines>
            </method>
            <method name="get_Name" signature="()" line-rate="1" branch-rate="1">
              <lines>
                <line number="9" hits="106" branch="False" />
              </lines>
            </method>
            <method name="get_Price" signature="()" line-rate="1" branch-rate="1">
              <lines>
                <line number="10" hits="88" branch="False" />
              </lines>
            </method>
          </methods>
          <lines>
            <line number="8" hits="83" branch="False" />
            <line number="9" hits="106" branch="False" />
            <line number="10" hits="88" branch="False" />
          </lines>
        </class>
        <class name="Library.API.Data.Models.FakeProduct" filename="Data\Models\Product.cs" line-rate="0.14279999999999998" branch-rate="1" complexity="7">
          <methods>
            <method name="get_Id" signature="()" line-rate="0" branch-rate="1">
              <lines>
                <line number="15" hits="0" branch="False" />
              </lines>
            </method>
            <method name="get_Title" signature="()" line-rate="0" branch-rate="1">
              <lines>
                <line number="16" hits="0" branch="False" />
              </lines>
            </method>
            <method name="get_Price" signature="()" line-rate="0" branch-rate="1">
              <lines>
                <line number="17" hits="0" branch="False" />
              </lines>
            </method>
            <method name="get_Description" signature="()" line-rate="0" branch-rate="1">
              <lines>
                <line number="18" hits="0" branch="False" />
              </lines>
            </method>
            <method name="get_Catgeory" signature="()" line-rate="0" branch-rate="1">
              <lines>
                <line number="19" hits="0" branch="False" />
              </lines>
            </method>
            <method name="get_Image" signature="()" line-rate="0" branch-rate="1">
              <lines>
                <line number="20" hits="0" branch="False" />
              </lines>
            </method>
            <method name="get_Rating" signature="()" line-rate="1" branch-rate="1">
              <lines>
                <line number="21" hits="40" branch="False" />
              </lines>
            </method>
          </methods>
          <lines>
            <line number="15" hits="0" branch="False" />
            <line number="16" hits="0" branch="False" />
            <line number="17" hits="0" branch="False" />
            <line number="18" hits="0" branch="False" />
            <line number="19" hits="0" branch="False" />
            <line number="20" hits="0" branch="False" />
            <line number="21" hits="40" branch="False" />
          </lines>
        </class>
        <class name="Library.API.Data.Models.ProductRate" filename="Data\Models\Product.cs" line-rate="0.5" branch-rate="1" complexity="2">
          <methods>
            <method name="get_Rate" signature="()" line-rate="1" branch-rate="1">
              <lines>
                <line number="26" hits="40" branch="False" />
              </lines>
            </method>
            <method name="get_Count" signature="()" line-rate="0" branch-rate="1">
              <lines>
                <line number="27" hits="0" branch="False" />
              </lines>
            </method>
          </methods>
          <lines>
            <line number="26" hits="40" branch="False" />
            <line number="27" hits="0" branch="False" />
          </lines>
        </class>
        <class name="Library.API.Controllers.BooksController" filename="Controllers\BooksController.cs" line-rate="1" branch-rate="1" complexity="8">
          <methods>
            <method name="Get" signature="()" line-rate="1" branch-rate="1">
              <lines>
                <line number="26" hits="1" branch="False" />
                <line number="27" hits="1" branch="False" />
                <line number="28" hits="1" branch="False" />
                <line number="29" hits="1" branch="False" />
              </lines>
            </method>
            <method name="Get" signature="(System.Guid)" line-rate="1" branch-rate="1">
              <lines>
                <line number="34" hits="6" branch="False" />
                <line number="35" hits="6" branch="False" />
                <line number="37" hits="6" branch="True" condition-coverage="100% (2/2)">
                  <conditions>
                    <condition number="20" type="jump" coverage="100%" />
                  </conditions>
                </line>
                <line number="38" hits="4" branch="False" />
                <line number="39" hits="4" branch="False" />
                <line number="42" hits="2" branch="False" />
                <line number="43" hits="6" branch="False" />
              </lines>
            </method>
            <method name="Post" signature="(Library.API.Data.Models.Book)" line-rate="1" branch-rate="1">
              <lines>
                <line number="48" hits="2" branch="False" />
                <line number="49" hits="2" branch="True" condition-coverage="100% (2/2)">
                  <conditions>
                    <condition number="17" type="jump" coverage="100%" />
                  </conditions>
                </line>
                <line number="50" hits="1" branch="False" />
                <line number="51" hits="1" branch="False" />
                <line number="54" hits="1" branch="False" />
                <line number="55" hits="1" branch="False" />
                <line number="56" hits="2" branch="False" />
              </lines>
            </method>
            <method name="Remove" signature="(System.Guid)" line-rate="1" branch-rate="1">
              <lines>
                <line number="61" hits="2" branch="False" />
                <line number="62" hits="2" branch="False" />
                <line number="64" hits="2" branch="True" condition-coverage="100% (2/2)">
                  <conditions>
                    <condition number="20" type="jump" coverage="100%" />
                  </conditions>
                </line>
                <line number="65" hits="1" branch="False" />
                <line number="66" hits="1" branch="False" />
                <line number="69" hits="1" branch="False" />
                <line number="70" hits="1" branch="False" />
                <line number="71" hits="2" branch="False" />
              </lines>
            </method>
            <method name=".ctor" signature="(Library.API.Services.IBookService)" line-rate="1" branch-rate="1">
              <lines>
                <line number="18" hits="6" branch="False" />
                <line number="19" hits="6" branch="False" />
                <line number="20" hits="6" branch="False" />
                <line number="21" hits="6" branch="False" />
              </lines>
            </method>
          </methods>
          <lines>
            <line number="26" hits="1" branch="False" />
            <line number="27" hits="1" branch="False" />
            <line number="28" hits="1" branch="False" />
            <line number="29" hits="1" branch="False" />
            <line number="34" hits="6" branch="False" />
            <line number="35" hits="6" branch="False" />
            <line number="37" hits="6" branch="True" condition-coverage="100% (2/2)">
              <conditions>
                <condition number="20" type="jump" coverage="100%" />
              </conditions>
            </line>
            <line number="38" hits="4" branch="False" />
            <line number="39" hits="4" branch="False" />
            <line number="42" hits="2" branch="False" />
            <line number="43" hits="6" branch="False" />
            <line number="48" hits="2" branch="False" />
            <line number="49" hits="2" branch="True" condition-coverage="100% (2/2)">
              <conditions>
                <condition number="17" type="jump" coverage="100%" />
              </conditions>
            </line>
            <line number="50" hits="1" branch="False" />
            <line number="51" hits="1" branch="False" />
            <line number="54" hits="1" branch="False" />
            <line number="55" hits="1" branch="False" />
            <line number="56" hits="2" branch="False" />
            <line number="61" hits="2" branch="False" />
            <line number="62" hits="2" branch="False" />
            <line number="64" hits="2" branch="True" condition-coverage="100% (2/2)">
              <conditions>
                <condition number="20" type="jump" coverage="100%" />
              </conditions>
            </line>
            <line number="65" hits="1" branch="False" />
            <line number="66" hits="1" branch="False" />
            <line number="69" hits="1" branch="False" />
            <line number="70" hits="1" branch="False" />
            <line number="71" hits="2" branch="False" />
            <line number="18" hits="6" branch="False" />
            <line number="19" hits="6" branch="False" />
            <line number="20" hits="6" branch="False" />
            <line number="21" hits="6" branch="False" />
          </lines>
        </class>
        <class name="Library.API.Controllers.ComplexProductController" filename="Controllers\ComplexProductController.cs" line-rate="0.7306999999999999" branch-rate="0.6666" complexity="8">
          <methods>
            <method name="GetConfigs" signature="()" line-rate="0" branch-rate="1">
              <lines>
                <line number="25" hits="0" branch="False" />
                <line number="26" hits="0" branch="False" />
                <line number="27" hits="0" branch="False" />
              </lines>
            </method>
            <method name="GetSpecificProductsWithDoublePrice" signature="(System.String)" line-rate="0.75" branch-rate="0.5">
              <lines>
                <line number="31" hits="1" branch="False" />
                <line number="32" hits="1" branch="False" />
                <line number="34" hits="1" branch="False" />
                <line number="36" hits="1" branch="True" condition-coverage="50% (1/2)">
                  <conditions>
                    <condition number="34" type="jump" coverage="50%" />
                  </conditions>
                </line>
                <line number="37" hits="0" branch="False" />
                <line number="38" hits="0" branch="False" />
                <line number="41" hits="1" branch="False" />
                <line number="42" hits="1" branch="False" />
              </lines>
            </method>
            <method name="GetProductWithName" signature="(System.String)" line-rate="0.5" branch-rate="0.5">
              <lines>
                <line number="53" hits="1" branch="False" />
                <line number="54" hits="2" branch="True" condition-coverage="50% (1/2)">
                  <conditions>
                    <condition number="14" type="jump" coverage="50%" />
                  </conditions>
                </line>
                <line number="55" hits="0" branch="False" />
                <line number="56" hits="0" branch="False" />
              </lines>
            </method>
            <method name="ManipulateProducts" signature="(System.Collections.Generic.IEnumerable`1&lt;Library.API.Data.Models.Product&gt;)" line-rate="1" branch-rate="1">
              <lines>
                <line number="63" hits="1" branch="False" />
                <line number="64" hits="11" branch="True" condition-coverage="100% (2/2)">
                  <conditions>
                    <condition number="50" type="jump" coverage="100%" />
                  </conditions>
                </line>
                <line number="65" hits="4" branch="False" />
                <line number="66" hits="4" branch="False" />
                <line number="67" hits="4" branch="False" />
                <line number="68" hits="1" branch="False" />
              </lines>
            </method>
            <method name=".ctor" signature="(Library.API.Services.IProductService)" line-rate="1" branch-rate="1">
              <lines>
                <line number="17" hits="3" branch="False" />
                <line number="18" hits="3" branch="False" />
                <line number="19" hits="3" branch="False" />
                <line number="20" hits="3" branch="False" />
                <line number="21" hits="3" branch="False" />
              </lines>
            </method>
          </methods>
          <lines>
            <line number="25" hits="0" branch="False" />
            <line number="26" hits="0" branch="False" />
            <line number="27" hits="0" branch="False" />
            <line number="31" hits="1" branch="False" />
            <line number="32" hits="1" branch="False" />
            <line number="34" hits="1" branch="False" />
            <line number="36" hits="1" branch="True" condition-coverage="50% (1/2)">
              <conditions>
                <condition number="34" type="jump" coverage="50%" />
              </conditions>
            </line>
            <line number="37" hits="0" branch="False" />
            <line number="38" hits="0" branch="False" />
            <line number="41" hits="1" branch="False" />
            <line number="42" hits="1" branch="False" />
            <line number="53" hits="1" branch="False" />
            <line number="54" hits="2" branch="True" condition-coverage="50% (1/2)">
              <conditions>
                <condition number="14" type="jump" coverage="50%" />
              </conditions>
            </line>
            <line number="55" hits="0" branch="False" />
            <line number="56" hits="0" branch="False" />
            <line number="63" hits="1" branch="False" />
            <line number="64" hits="11" branch="True" condition-coverage="100% (2/2)">
              <conditions>
                <condition number="50" type="jump" coverage="100%" />
              </conditions>
            </line>
            <line number="65" hits="4" branch="False" />
            <line number="66" hits="4" branch="False" />
            <line number="67" hits="4" branch="False" />
            <line number="68" hits="1" branch="False" />
            <line number="17" hits="3" branch="False" />
            <line number="18" hits="3" branch="False" />
            <line number="19" hits="3" branch="False" />
            <line number="20" hits="3" branch="False" />
            <line number="21" hits="3" branch="False" />
          </lines>
        </class>
        <class name="Library.API.Controllers.ComplexProductController/&lt;&gt;c" filename="Controllers\ComplexProductController.cs" line-rate="1" branch-rate="1" complexity="2">
          <methods>
            <method name="&lt;GetHighRateProducts&gt;b__5_0" signature="(Library.API.Data.Models.FakeProduct)" line-rate="1" branch-rate="1">
              <lines>
                <line number="48" hits="21" branch="True" condition-coverage="100% (2/2)">
                  <conditions>
                    <condition number="153" type="jump" coverage="100%" />
                  </conditions>
                </line>
              </lines>
            </method>
          </methods>
          <lines>
            <line number="48" hits="21" branch="True" condition-coverage="100% (2/2)">
              <conditions>
                <condition number="153" type="jump" coverage="100%" />
              </conditions>
            </line>
          </lines>
        </class>
        <class name="Library.API.Controllers.ComplexProductController/&lt;GetProductsAsync&gt;d__7" filename="Controllers\ComplexProductController.cs" line-rate="1" branch-rate="1" complexity="1">
          <methods>
            <method name="MoveNext" signature="()" line-rate="1" branch-rate="1">
              <lines>
                <line number="59" hits="1" branch="False" />
                <line number="60" hits="1" branch="False" />
                <line number="61" hits="1" branch="False" />
              </lines>
            </method>
          </methods>
          <lines>
            <line number="59" hits="1" branch="False" />
            <line number="60" hits="1" branch="False" />
            <line number="61" hits="1" branch="False" />
          </lines>
        </class>
        <class name="Library.API.Controllers.SimpleProductController" filename="Controllers\SimpleProductController.cs" line-rate="0.9259000000000001" branch-rate="0.75" complexity="7">
          <methods>
            <method name="GetAllProducts" signature="()" line-rate="1" branch-rate="1">
              <lines>
                <line number="27" hits="2" branch="False" />
                <line number="28" hits="2" branch="False" />
                <line number="29" hits="2" branch="False" />
              </lines>
            </method>
            <method name="GetProduct" signature="(System.Int32)" line-rate="1" branch-rate="1">
              <lines>
                <line number="39" hits="3" branch="False" />
                <line number="40" hits="14" branch="False" />
                <line number="41" hits="3" branch="True" condition-coverage="100% (2/2)">
                  <conditions>
                    <condition number="44" type="jump" coverage="100%" />
                  </conditions>
                </line>
                <line number="42" hits="1" branch="False" />
                <line number="43" hits="1" branch="False" />
                <line number="45" hits="2" branch="False" />
                <line number="46" hits="3" branch="False" />
              </lines>
            </method>
            <method name="GetProduct" signature="(System.Nullable`1&lt;System.Int32&gt;)" line-rate="0.5" branch-rate="0.5">
              <lines>
                <line number="56" hits="1" branch="False" />
                <line number="57" hits="2" branch="True" condition-coverage="50% (1/2)">
                  <conditions>
                    <condition number="13" type="jump" coverage="50%" />
                  </conditions>
                </line>
                <line number="58" hits="0" branch="False" />
                <line number="59" hits="0" branch="False" />
              </lines>
            </method>
            <method name="GetTestProducts" signature="()" line-rate="1" branch-rate="1">
              <lines>
                <line number="62" hits="6" branch="False" />
                <line number="63" hits="6" branch="False" />
                <line number="64" hits="6" branch="False" />
                <line number="65" hits="6" branch="False" />
                <line number="66" hits="6" branch="False" />
                <line number="67" hits="6" branch="False" />
                <line number="69" hits="6" branch="False" />
                <line number="70" hits="6" branch="False" />
              </lines>
            </method>
            <method name=".ctor" signature="()" line-rate="1" branch-rate="1">
              <lines>
                <line number="18" hits="6" branch="False" />
                <line number="20" hits="6" branch="False" />
                <line number="21" hits="6" branch="False" />
                <line number="22" hits="6" branch="False" />
                <line number="23" hits="6" branch="False" />
              </lines>
            </method>
          </methods>
          <lines>
            <line number="27" hits="2" branch="False" />
            <line number="28" hits="2" branch="False" />
            <line number="29" hits="2" branch="False" />
            <line number="39" hits="3" branch="False" />
            <line number="40" hits="14" branch="False" />
            <line number="41" hits="3" branch="True" condition-coverage="100% (2/2)">
              <conditions>
                <condition number="44" type="jump" coverage="100%" />
              </conditions>
            </line>
            <line number="42" hits="1" branch="False" />
            <line number="43" hits="1" branch="False" />
            <line number="45" hits="2" branch="False" />
            <line number="46" hits="3" branch="False" />
            <line number="56" hits="1" branch="False" />
            <line number="57" hits="2" branch="True" condition-coverage="50% (1/2)">
              <conditions>
                <condition number="13" type="jump" coverage="50%" />
              </conditions>
            </line>
            <line number="58" hits="0" branch="False" />
            <line number="59" hits="0" branch="False" />
            <line number="62" hits="6" branch="False" />
            <line number="63" hits="6" branch="False" />
            <line number="64" hits="6" branch="False" />
            <line number="65" hits="6" branch="False" />
            <line number="66" hits="6" branch="False" />
            <line number="67" hits="6" branch="False" />
            <line number="69" hits="6" branch="False" />
            <line number="70" hits="6" branch="False" />
            <line number="18" hits="6" branch="False" />
            <line number="20" hits="6" branch="False" />
            <line number="21" hits="6" branch="False" />
            <line number="22" hits="6" branch="False" />
            <line number="23" hits="6" branch="False" />
          </lines>
        </class>
        <class name="Library.API.Controllers.SimpleProductController/&lt;GetAllProductsAsync&gt;d__3" filename="Controllers\SimpleProductController.cs" line-rate="1" branch-rate="1" complexity="1">
          <methods>
            <method name="MoveNext" signature="()" line-rate="1" branch-rate="1">
              <lines>
                <line number="33" hits="1" branch="False" />
                <line number="34" hits="1" branch="False" />
                <line number="35" hits="1" branch="False" />
              </lines>
            </method>
          </methods>
          <lines>
            <line number="33" hits="1" branch="False" />
            <line number="34" hits="1" branch="False" />
            <line number="35" hits="1" branch="False" />
          </lines>
        </class>
        <class name="Library.API.Controllers.SimpleProductController/&lt;GetProductAsync&gt;d__5" filename="Controllers\SimpleProductController.cs" line-rate="1" branch-rate="1" complexity="1">
          <methods>
            <method name="MoveNext" signature="()" line-rate="1" branch-rate="1">
              <lines>
                <line number="50" hits="1" branch="False" />
                <line number="51" hits="1" branch="False" />
                <line number="52" hits="1" branch="False" />
              </lines>
            </method>
          </methods>
          <lines>
            <line number="50" hits="1" branch="False" />
            <line number="51" hits="1" branch="False" />
            <line number="52" hits="1" branch="False" />
          </lines>
        </class>
        <class name="Library.API.Config.DBConnectionConfig" filename="Config\DBConnectionConfig.cs" line-rate="0" branch-rate="1" complexity="2">
          <methods>
            <method name="get_Connection" signature="()" line-rate="0" branch-rate="1">
              <lines>
                <line number="5" hits="0" branch="False" />
              </lines>
            </method>
            <method name="get_AnotherConnection" signature="()" line-rate="0" branch-rate="1">
              <lines>
                <line number="6" hits="0" branch="False" />
              </lines>
            </method>
          </methods>
          <lines>
            <line number="5" hits="0" branch="False" />
            <line number="6" hits="0" branch="False" />
          </lines>
        </class>
        <class name="Library.API.Config.MockSetting" filename="Config\MockSetting.cs" line-rate="0" branch-rate="1" complexity="2">
          <methods>
            <method name="get_Name" signature="()" line-rate="0" branch-rate="1">
              <lines>
                <line number="5" hits="0" branch="False" />
              </lines>
            </method>
            <method name="get_Age" signature="()" line-rate="0" branch-rate="1">
              <lines>
                <line number="6" hits="0" branch="False" />
              </lines>
            </method>
          </methods>
          <lines>
            <line number="5" hits="0" branch="False" />
            <line number="6" hits="0" branch="False" />
          </lines>
        </class>
      </classes>
    </package>
  </packages>
</coverage>